#
# There is insufficient memory for the Java Runtime Environment to continue.
# Native memory allocation (malloc) failed to allocate 131088 bytes for Chunk::new
# Possible reasons:
#   The system is out of physical RAM or swap space
#   The process is running with CompressedOops enabled, and the Java Heap may be blocking the growth of the native heap
# Possible solutions:
#   Reduce memory load on the system
#   Increase physical memory or swap space
#   Check if swap backing store is full
#   Decrease Java heap size (-Xmx/-Xms)
#   Decrease number of Java threads
#   Decrease Java thread stack sizes (-Xss)
#   Set larger code cache with -XX:ReservedCodeCacheSize=
#   JVM is running with Unscaled Compressed Oops mode in which the Java heap is
#     placed in the first 4GB address space. The Java Heap base address is the
#     maximum limit for the native heap growth. Please use -XX:HeapBaseMinAddress
#     to set the Java Heap base and to place the Java Heap above 4GB virtual address.
# This output file may be truncated or incomplete.
#
#  Out of Memory Error (arena.cpp:184), pid=19216, tid=14996
#
# JRE version: Java(TM) SE Runtime Environment (20.0.2+9) (build 20.0.2+9-78)
# Java VM: Java HotSpot(TM) 64-Bit Server VM (20.0.2+9-78, mixed mode, sharing, tiered, compressed oops, compressed class ptrs, g1 gc, windows-amd64)
# No core dump will be written. Minidumps are not enabled by default on client versions of Windows
#

---------------  S U M M A R Y ------------

Command Line: -Dfile.encoding=UTF-8 --module-path=C:\Users\acer\Desktop\Java Project\University Management System\build\classes university.management.system.StudentLeave

Host: AMD Ryzen 5 4500U with Radeon Graphics         , 6 cores, 7G,  Windows 11 , 64 bit Build 22621 (10.0.22621.2506)
Time: Sun Dec 31 12:58:26 2023 Nepal Standard Time elapsed time: 1.532962 seconds (0d 0h 0m 1s)

---------------  T H R E A D  ---------------

Current thread (0x0000016be0983bc0):  JavaThread "C2 CompilerThread0" daemon [_thread_in_native, id=14996, stack(0x0000002031400000,0x0000002031500000)]


Current CompileTask:
C2:   1533 1410   !   4       sun.font.TrueTypeFont::getTableBuffer (208 bytes)

Stack: [0x0000002031400000,0x0000002031500000]
Native frames: (J=compiled Java code, j=interpreted, Vv=VM code, C=native code)
V  [jvm.dll+0x6bc25a]
V  [jvm.dll+0x84971a]
V  [jvm.dll+0x84b315]
V  [jvm.dll+0x84ba13]
V  [jvm.dll+0x280e4f]
V  [jvm.dll+0xc2ab1]
V  [jvm.dll+0xc2dd5]
V  [jvm.dll+0xc2bd4]
V  [jvm.dll+0x69a16c]
V  [jvm.dll+0x252dc9]
V  [jvm.dll+0x6df1b7]
V  [jvm.dll+0x24a643]
V  [jvm.dll+0x1ce761]
V  [jvm.dll+0x25a0eb]
V  [jvm.dll+0x2587c0]
V  [jvm.dll+0x3f2dd5]
V  [jvm.dll+0x7f5c76]
V  [jvm.dll+0x6baecb]
C  [ucrtbase.dll+0x29363]
C  [KERNEL32.DLL+0x1257d]
C  [ntdll.dll+0x5aa58]


---------------  P R O C E S S  ---------------

Threads class SMR info:
_java_thread_list=0x0000016be584d640, length=16, elements={
0x0000016be096ec80, 0x0000016be096f880, 0x0000016be0973540, 0x0000016be0974e90,
0x0000016be0975900, 0x0000016be0979d30, 0x0000016be0983bc0, 0x0000016be09863e0,
0x0000016be0979290, 0x0000016be097a280, 0x0000016be097ad20, 0x0000016be09782a0,
0x0000016be097b270, 0x0000016be09787f0, 0x0000016be0978d40, 0x0000016be09797e0
}

Java Threads: ( => current thread )
  0x0000016be096ec80 JavaThread "Reference Handler" daemon [_thread_blocked, id=5364, stack(0x0000002030e00000,0x0000002030f00000)]
  0x0000016be096f880 JavaThread "Finalizer" daemon [_thread_blocked, id=22076, stack(0x0000002030f00000,0x0000002031000000)]
  0x0000016be0973540 JavaThread "Signal Dispatcher" daemon [_thread_blocked, id=18000, stack(0x0000002031000000,0x0000002031100000)]
  0x0000016be0974e90 JavaThread "Attach Listener" daemon [_thread_blocked, id=15412, stack(0x0000002031100000,0x0000002031200000)]
  0x0000016be0975900 JavaThread "Service Thread" daemon [_thread_blocked, id=14796, stack(0x0000002031200000,0x0000002031300000)]
  0x0000016be0979d30 JavaThread "Monitor Deflation Thread" daemon [_thread_blocked, id=18520, stack(0x0000002031300000,0x0000002031400000)]
=>0x0000016be0983bc0 JavaThread "C2 CompilerThread0" daemon [_thread_in_native, id=14996, stack(0x0000002031400000,0x0000002031500000)]
  0x0000016be09863e0 JavaThread "C1 CompilerThread0" daemon [_thread_blocked, id=5896, stack(0x0000002031500000,0x0000002031600000)]
  0x0000016be0979290 JavaThread "Common-Cleaner" daemon [_thread_blocked, id=18624, stack(0x0000002031600000,0x0000002031700000)]
  0x0000016be097a280 JavaThread "Notification Thread" daemon [_thread_blocked, id=1560, stack(0x0000002031700000,0x0000002031800000)]
  0x0000016be097ad20 JavaThread "Java2D Disposer" daemon [_thread_blocked, id=2908, stack(0x0000002031900000,0x0000002031a00000)]
  0x0000016be09782a0 JavaThread "AWT-Shutdown" [_thread_blocked, id=20164, stack(0x0000002031a00000,0x0000002031b00000)]
  0x0000016be097b270 JavaThread "AWT-Windows" daemon [_thread_in_native, id=16212, stack(0x0000002031b00000,0x0000002031c00000)]
  0x0000016be09787f0 JavaThread "AWT-EventQueue-0" [_thread_in_Java, id=10232, stack(0x0000002032600000,0x0000002032700000)]
  0x0000016be0978d40 JavaThread "Image Fetcher 0" daemon [_thread_blocked, id=10356, stack(0x0000002032700000,0x0000002032800000)]
  0x0000016be09797e0 JavaThread "DestroyJavaVM" [_thread_blocked, id=21088, stack(0x0000002030700000,0x0000002030800000)]

Other Threads:
  0x0000016be0952320 VMThread "VM Thread" [stack: 0x0000002030d00000,0x0000002030e00000] [id=20448]
  0x0000016be4d70cb0 WatcherThread "VM Periodic Task Thread" [stack: 0x0000002031800000,0x0000002031900000] [id=10988]
  0x0000016bc4765ae0 WorkerThread "GC Thread#0" [stack: 0x0000002030800000,0x0000002030900000] [id=12264]
  0x0000016bc47755f0 ConcurrentGCThread "G1 Main Marker" [stack: 0x0000002030900000,0x0000002030a00000] [id=9732]
  0x0000016bc47761c0 WorkerThread "G1 Conc#0" [stack: 0x0000002030a00000,0x0000002030b00000] [id=2848]
  0x0000016be08134d0 ConcurrentGCThread "G1 Refine#0" [stack: 0x0000002030b00000,0x0000002030c00000] [id=15140]
  0x0000016bc47cc8b0 ConcurrentGCThread "G1 Service" [stack: 0x0000002030c00000,0x0000002030d00000] [id=17844]

Threads with active compile tasks:
C2 CompilerThread0     1564 1410   !   4       sun.font.TrueTypeFont::getTableBuffer (208 bytes)

VM state: not at safepoint (normal execution)

VM Mutex/Monitor currently owned by a thread: None

Heap address: 0x000000008a000000, size: 1888 MB, Compressed Oops mode: 32-bit

CDS archive(s) mapped at: [0x0000016b80000000-0x0000016b80c60000-0x0000016b80c60000), size 12976128, SharedBaseAddress: 0x0000016b80000000, ArchiveRelocationMode: 1.
Compressed class space mapped at: 0x0000016b81000000-0x0000016bc1000000, reserved size: 1073741824
Narrow klass base: 0x0000016b80000000, Narrow klass shift: 0, Narrow klass range: 0x100000000

GC Precious Log:
 CardTable entry size: 512
 Card Set container configuration: InlinePtr #cards 5 size 8 Array Of Cards #cards 12 size 40 Howl #buckets 4 coarsen threshold 1843 Howl Bitmap #cards 512 size 80 coarsen threshold 460 Card regions per heap region 1 cards per card region 2048
 CPUs: 6 total, 6 available
 Memory: 7549M
 Large Page Support: Disabled
 NUMA Support: Disabled
 Compressed Oops: Enabled (32-bit)
 Heap Region Size: 1M
 Heap Min Capacity: 8M
 Heap Initial Capacity: 118M
 Heap Max Capacity: 1888M
 Pre-touch: Disabled
 Parallel Workers: 6
 Concurrent Workers: 2
 Concurrent Refinement Workers: 6
 Periodic GC: Disabled

Heap:
 garbage-first heap   total 120832K, used 21504K [0x000000008a000000, 0x0000000100000000)
  region size 1024K, 20 young (20480K), 0 survivors (0K)
 Metaspace       used 10045K, committed 10304K, reserved 1114112K
  class space    used 1220K, committed 1344K, reserved 1048576K

Heap Regions: E=young(eden), S=young(survivor), O=old, HS=humongous(starts), HC=humongous(continues), CS=collection set, F=free, OA=open archive, CA=closed archive, TAMS=top-at-mark-start, PB=parsable bottom
|   0|0x000000008a000000, 0x000000008a100000, 0x000000008a100000|100%|HS|  |TAMS 0x000000008a000000| PB 0x000000008a000000| Complete 
|   1|0x000000008a100000, 0x000000008a200000, 0x000000008a200000|100%|HC|  |TAMS 0x000000008a100000| PB 0x000000008a100000| Complete 
|   2|0x000000008a200000, 0x000000008a200000, 0x000000008a300000|  0%| F|  |TAMS 0x000000008a200000| PB 0x000000008a200000| Untracked 
|   3|0x000000008a300000, 0x000000008a300000, 0x000000008a400000|  0%| F|  |TAMS 0x000000008a300000| PB 0x000000008a300000| Untracked 
|   4|0x000000008a400000, 0x000000008a400000, 0x000000008a500000|  0%| F|  |TAMS 0x000000008a400000| PB 0x000000008a400000| Untracked 
|   5|0x000000008a500000, 0x000000008a500000, 0x000000008a600000|  0%| F|  |TAMS 0x000000008a500000| PB 0x000000008a500000| Untracked 
|   6|0x000000008a600000, 0x000000008a600000, 0x000000008a700000|  0%| F|  |TAMS 0x000000008a600000| PB 0x000000008a600000| Untracked 
|   7|0x000000008a700000, 0x000000008a700000, 0x000000008a800000|  0%| F|  |TAMS 0x000000008a700000| PB 0x000000008a700000| Untracked 
|   8|0x000000008a800000, 0x000000008a800000, 0x000000008a900000|  0%| F|  |TAMS 0x000000008a800000| PB 0x000000008a800000| Untracked 
|   9|0x000000008a900000, 0x000000008a900000, 0x000000008aa00000|  0%| F|  |TAMS 0x000000008a900000| PB 0x000000008a900000| Untracked 
|  10|0x000000008aa00000, 0x000000008aa00000, 0x000000008ab00000|  0%| F|  |TAMS 0x000000008aa00000| PB 0x000000008aa00000| Untracked 
|  11|0x000000008ab00000, 0x000000008ab00000, 0x000000008ac00000|  0%| F|  |TAMS 0x000000008ab00000| PB 0x000000008ab00000| Untracked 
|  12|0x000000008ac00000, 0x000000008ac00000, 0x000000008ad00000|  0%| F|  |TAMS 0x000000008ac00000| PB 0x000000008ac00000| Untracked 
|  13|0x000000008ad00000, 0x000000008ad00000, 0x000000008ae00000|  0%| F|  |TAMS 0x000000008ad00000| PB 0x000000008ad00000| Untracked 
|  14|0x000000008ae00000, 0x000000008ae00000, 0x000000008af00000|  0%| F|  |TAMS 0x000000008ae00000| PB 0x000000008ae00000| Untracked 
|  15|0x000000008af00000, 0x000000008af00000, 0x000000008b000000|  0%| F|  |TAMS 0x000000008af00000| PB 0x000000008af00000| Untracked 
|  16|0x000000008b000000, 0x000000008b000000, 0x000000008b100000|  0%| F|  |TAMS 0x000000008b000000| PB 0x000000008b000000| Untracked 
|  17|0x000000008b100000, 0x000000008b100000, 0x000000008b200000|  0%| F|  |TAMS 0x000000008b100000| PB 0x000000008b100000| Untracked 
|  18|0x000000008b200000, 0x000000008b200000, 0x000000008b300000|  0%| F|  |TAMS 0x000000008b200000| PB 0x000000008b200000| Untracked 
|  19|0x000000008b300000, 0x000000008b300000, 0x000000008b400000|  0%| F|  |TAMS 0x000000008b300000| PB 0x000000008b300000| Untracked 
|  20|0x000000008b400000, 0x000000008b400000, 0x000000008b500000|  0%| F|  |TAMS 0x000000008b400000| PB 0x000000008b400000| Untracked 
|  21|0x000000008b500000, 0x000000008b500000, 0x000000008b600000|  0%| F|  |TAMS 0x000000008b500000| PB 0x000000008b500000| Untracked 
|  22|0x000000008b600000, 0x000000008b600000, 0x000000008b700000|  0%| F|  |TAMS 0x000000008b600000| PB 0x000000008b600000| Untracked 
|  23|0x000000008b700000, 0x000000008b700000, 0x000000008b800000|  0%| F|  |TAMS 0x000000008b700000| PB 0x000000008b700000| Untracked 
|  24|0x000000008b800000, 0x000000008b800000, 0x000000008b900000|  0%| F|  |TAMS 0x000000008b800000| PB 0x000000008b800000| Untracked 
|  25|0x000000008b900000, 0x000000008b900000, 0x000000008ba00000|  0%| F|  |TAMS 0x000000008b900000| PB 0x000000008b900000| Untracked 
|  26|0x000000008ba00000, 0x000000008ba00000, 0x000000008bb00000|  0%| F|  |TAMS 0x000000008ba00000| PB 0x000000008ba00000| Untracked 
|  27|0x000000008bb00000, 0x000000008bb00000, 0x000000008bc00000|  0%| F|  |TAMS 0x000000008bb00000| PB 0x000000008bb00000| Untracked 
|  28|0x000000008bc00000, 0x000000008bc00000, 0x000000008bd00000|  0%| F|  |TAMS 0x000000008bc00000| PB 0x000000008bc00000| Untracked 
|  29|0x000000008bd00000, 0x000000008bd00000, 0x000000008be00000|  0%| F|  |TAMS 0x000000008bd00000| PB 0x000000008bd00000| Untracked 
|  30|0x000000008be00000, 0x000000008be00000, 0x000000008bf00000|  0%| F|  |TAMS 0x000000008be00000| PB 0x000000008be00000| Untracked 
|  31|0x000000008bf00000, 0x000000008bf00000, 0x000000008c000000|  0%| F|  |TAMS 0x000000008bf00000| PB 0x000000008bf00000| Untracked 
|  32|0x000000008c000000, 0x000000008c000000, 0x000000008c100000|  0%| F|  |TAMS 0x000000008c000000| PB 0x000000008c000000| Untracked 
|  33|0x000000008c100000, 0x000000008c100000, 0x000000008c200000|  0%| F|  |TAMS 0x000000008c100000| PB 0x000000008c100000| Untracked 
|  34|0x000000008c200000, 0x000000008c200000, 0x000000008c300000|  0%| F|  |TAMS 0x000000008c200000| PB 0x000000008c200000| Untracked 
|  35|0x000000008c300000, 0x000000008c300000, 0x000000008c400000|  0%| F|  |TAMS 0x000000008c300000| PB 0x000000008c300000| Untracked 
|  36|0x000000008c400000, 0x000000008c400000, 0x000000008c500000|  0%| F|  |TAMS 0x000000008c400000| PB 0x000000008c400000| Untracked 
|  37|0x000000008c500000, 0x000000008c500000, 0x000000008c600000|  0%| F|  |TAMS 0x000000008c500000| PB 0x000000008c500000| Untracked 
|  38|0x000000008c600000, 0x000000008c600000, 0x000000008c700000|  0%| F|  |TAMS 0x000000008c600000| PB 0x000000008c600000| Untracked 
|  39|0x000000008c700000, 0x000000008c700000, 0x000000008c800000|  0%| F|  |TAMS 0x000000008c700000| PB 0x000000008c700000| Untracked 
|  40|0x000000008c800000, 0x000000008c800000, 0x000000008c900000|  0%| F|  |TAMS 0x000000008c800000| PB 0x000000008c800000| Untracked 
|  41|0x000000008c900000, 0x000000008c900000, 0x000000008ca00000|  0%| F|  |TAMS 0x000000008c900000| PB 0x000000008c900000| Untracked 
|  42|0x000000008ca00000, 0x000000008ca00000, 0x000000008cb00000|  0%| F|  |TAMS 0x000000008ca00000| PB 0x000000008ca00000| Untracked 
|  43|0x000000008cb00000, 0x000000008cb00000, 0x000000008cc00000|  0%| F|  |TAMS 0x000000008cb00000| PB 0x000000008cb00000| Untracked 
|  44|0x000000008cc00000, 0x000000008cc00000, 0x000000008cd00000|  0%| F|  |TAMS 0x000000008cc00000| PB 0x000000008cc00000| Untracked 
|  45|0x000000008cd00000, 0x000000008cd00000, 0x000000008ce00000|  0%| F|  |TAMS 0x000000008cd00000| PB 0x000000008cd00000| Untracked 
|  46|0x000000008ce00000, 0x000000008ce00000, 0x000000008cf00000|  0%| F|  |TAMS 0x000000008ce00000| PB 0x000000008ce00000| Untracked 
|  47|0x000000008cf00000, 0x000000008cf00000, 0x000000008d000000|  0%| F|  |TAMS 0x000000008cf00000| PB 0x000000008cf00000| Untracked 
|  48|0x000000008d000000, 0x000000008d000000, 0x000000008d100000|  0%| F|  |TAMS 0x000000008d000000| PB 0x000000008d000000| Untracked 
|  49|0x000000008d100000, 0x000000008d100000, 0x000000008d200000|  0%| F|  |TAMS 0x000000008d100000| PB 0x000000008d100000| Untracked 
|  50|0x000000008d200000, 0x000000008d200000, 0x000000008d300000|  0%| F|  |TAMS 0x000000008d200000| PB 0x000000008d200000| Untracked 
|  51|0x000000008d300000, 0x000000008d300000, 0x000000008d400000|  0%| F|  |TAMS 0x000000008d300000| PB 0x000000008d300000| Untracked 
|  52|0x000000008d400000, 0x000000008d400000, 0x000000008d500000|  0%| F|  |TAMS 0x000000008d400000| PB 0x000000008d400000| Untracked 
|  53|0x000000008d500000, 0x000000008d500000, 0x000000008d600000|  0%| F|  |TAMS 0x000000008d500000| PB 0x000000008d500000| Untracked 
|  54|0x000000008d600000, 0x000000008d600000, 0x000000008d700000|  0%| F|  |TAMS 0x000000008d600000| PB 0x000000008d600000| Untracked 
|  55|0x000000008d700000, 0x000000008d700000, 0x000000008d800000|  0%| F|  |TAMS 0x000000008d700000| PB 0x000000008d700000| Untracked 
|  56|0x000000008d800000, 0x000000008d800000, 0x000000008d900000|  0%| F|  |TAMS 0x000000008d800000| PB 0x000000008d800000| Untracked 
|  57|0x000000008d900000, 0x000000008d900000, 0x000000008da00000|  0%| F|  |TAMS 0x000000008d900000| PB 0x000000008d900000| Untracked 
|  58|0x000000008da00000, 0x000000008da00000, 0x000000008db00000|  0%| F|  |TAMS 0x000000008da00000| PB 0x000000008da00000| Untracked 
|  59|0x000000008db00000, 0x000000008db00000, 0x000000008dc00000|  0%| F|  |TAMS 0x000000008db00000| PB 0x000000008db00000| Untracked 
|  60|0x000000008dc00000, 0x000000008dc00000, 0x000000008dd00000|  0%| F|  |TAMS 0x000000008dc00000| PB 0x000000008dc00000| Untracked 
|  61|0x000000008dd00000, 0x000000008dd00000, 0x000000008de00000|  0%| F|  |TAMS 0x000000008dd00000| PB 0x000000008dd00000| Untracked 
|  62|0x000000008de00000, 0x000000008de00000, 0x000000008df00000|  0%| F|  |TAMS 0x000000008de00000| PB 0x000000008de00000| Untracked 
|  63|0x000000008df00000, 0x000000008df00000, 0x000000008e000000|  0%| F|  |TAMS 0x000000008df00000| PB 0x000000008df00000| Untracked 
|  64|0x000000008e000000, 0x000000008e000000, 0x000000008e100000|  0%| F|  |TAMS 0x000000008e000000| PB 0x000000008e000000| Untracked 
|  65|0x000000008e100000, 0x000000008e100000, 0x000000008e200000|  0%| F|  |TAMS 0x000000008e100000| PB 0x000000008e100000| Untracked 
|  66|0x000000008e200000, 0x000000008e200000, 0x000000008e300000|  0%| F|  |TAMS 0x000000008e200000| PB 0x000000008e200000| Untracked 
|  67|0x000000008e300000, 0x000000008e300000, 0x000000008e400000|  0%| F|  |TAMS 0x000000008e300000| PB 0x000000008e300000| Untracked 
|  68|0x000000008e400000, 0x000000008e400000, 0x000000008e500000|  0%| F|  |TAMS 0x000000008e400000| PB 0x000000008e400000| Untracked 
|  69|0x000000008e500000, 0x000000008e500000, 0x000000008e600000|  0%| F|  |TAMS 0x000000008e500000| PB 0x000000008e500000| Untracked 
|  70|0x000000008e600000, 0x000000008e600000, 0x000000008e700000|  0%| F|  |TAMS 0x000000008e600000| PB 0x000000008e600000| Untracked 
|  71|0x000000008e700000, 0x000000008e700000, 0x000000008e800000|  0%| F|  |TAMS 0x000000008e700000| PB 0x000000008e700000| Untracked 
|  72|0x000000008e800000, 0x000000008e800000, 0x000000008e900000|  0%| F|  |TAMS 0x000000008e800000| PB 0x000000008e800000| Untracked 
|  73|0x000000008e900000, 0x000000008e900000, 0x000000008ea00000|  0%| F|  |TAMS 0x000000008e900000| PB 0x000000008e900000| Untracked 
|  74|0x000000008ea00000, 0x000000008ea00000, 0x000000008eb00000|  0%| F|  |TAMS 0x000000008ea00000| PB 0x000000008ea00000| Untracked 
|  75|0x000000008eb00000, 0x000000008eb00000, 0x000000008ec00000|  0%| F|  |TAMS 0x000000008eb00000| PB 0x000000008eb00000| Untracked 
|  76|0x000000008ec00000, 0x000000008ec00000, 0x000000008ed00000|  0%| F|  |TAMS 0x000000008ec00000| PB 0x000000008ec00000| Untracked 
|  77|0x000000008ed00000, 0x000000008ed00000, 0x000000008ee00000|  0%| F|  |TAMS 0x000000008ed00000| PB 0x000000008ed00000| Untracked 
|  78|0x000000008ee00000, 0x000000008ee00000, 0x000000008ef00000|  0%| F|  |TAMS 0x000000008ee00000| PB 0x000000008ee00000| Untracked 
|  79|0x000000008ef00000, 0x000000008ef00000, 0x000000008f000000|  0%| F|  |TAMS 0x000000008ef00000| PB 0x000000008ef00000| Untracked 
|  80|0x000000008f000000, 0x000000008f000000, 0x000000008f100000|  0%| F|  |TAMS 0x000000008f000000| PB 0x000000008f000000| Untracked 
|  81|0x000000008f100000, 0x000000008f100000, 0x000000008f200000|  0%| F|  |TAMS 0x000000008f100000| PB 0x000000008f100000| Untracked 
|  82|0x000000008f200000, 0x000000008f200000, 0x000000008f300000|  0%| F|  |TAMS 0x000000008f200000| PB 0x000000008f200000| Untracked 
|  83|0x000000008f300000, 0x000000008f300000, 0x000000008f400000|  0%| F|  |TAMS 0x000000008f300000| PB 0x000000008f300000| Untracked 
|  84|0x000000008f400000, 0x000000008f400000, 0x000000008f500000|  0%| F|  |TAMS 0x000000008f400000| PB 0x000000008f400000| Untracked 
|  85|0x000000008f500000, 0x000000008f500000, 0x000000008f600000|  0%| F|  |TAMS 0x000000008f500000| PB 0x000000008f500000| Untracked 
|  86|0x000000008f600000, 0x000000008f600000, 0x000000008f700000|  0%| F|  |TAMS 0x000000008f600000| PB 0x000000008f600000| Untracked 
|  87|0x000000008f700000, 0x000000008f700000, 0x000000008f800000|  0%| F|  |TAMS 0x000000008f700000| PB 0x000000008f700000| Untracked 
|  88|0x000000008f800000, 0x000000008f800000, 0x000000008f900000|  0%| F|  |TAMS 0x000000008f800000| PB 0x000000008f800000| Untracked 
|  89|0x000000008f900000, 0x000000008f900000, 0x000000008fa00000|  0%| F|  |TAMS 0x000000008f900000| PB 0x000000008f900000| Untracked 
|  90|0x000000008fa00000, 0x000000008fa00000, 0x000000008fb00000|  0%| F|  |TAMS 0x000000008fa00000| PB 0x000000008fa00000| Untracked 
|  91|0x000000008fb00000, 0x000000008fb00000, 0x000000008fc00000|  0%| F|  |TAMS 0x000000008fb00000| PB 0x000000008fb00000| Untracked 
|  92|0x000000008fc00000, 0x000000008fc00000, 0x000000008fd00000|  0%| F|  |TAMS 0x000000008fc00000| PB 0x000000008fc00000| Untracked 
|  93|0x000000008fd00000, 0x000000008fd00000, 0x000000008fe00000|  0%| F|  |TAMS 0x000000008fd00000| PB 0x000000008fd00000| Untracked 
|  94|0x000000008fe00000, 0x000000008fe00000, 0x000000008ff00000|  0%| F|  |TAMS 0x000000008fe00000| PB 0x000000008fe00000| Untracked 
|  95|0x000000008ff00000, 0x000000008ff00000, 0x0000000090000000|  0%| F|  |TAMS 0x000000008ff00000| PB 0x000000008ff00000| Untracked 
|  96|0x0000000090000000, 0x0000000090000000, 0x0000000090100000|  0%| F|  |TAMS 0x0000000090000000| PB 0x0000000090000000| Untracked 
|  97|0x0000000090100000, 0x0000000090100000, 0x0000000090200000|  0%| F|  |TAMS 0x0000000090100000| PB 0x0000000090100000| Untracked 
|  98|0x0000000090200000, 0x00000000902da338, 0x0000000090300000| 85%| E|  |TAMS 0x0000000090200000| PB 0x0000000090200000| Complete 
|  99|0x0000000090300000, 0x0000000090400000, 0x0000000090400000|100%| E|CS|TAMS 0x0000000090300000| PB 0x0000000090300000| Complete 
| 100|0x0000000090400000, 0x0000000090500000, 0x0000000090500000|100%| E|CS|TAMS 0x0000000090400000| PB 0x0000000090400000| Complete 
| 101|0x0000000090500000, 0x0000000090600000, 0x0000000090600000|100%| E|CS|TAMS 0x0000000090500000| PB 0x0000000090500000| Complete 
| 102|0x0000000090600000, 0x0000000090700000, 0x0000000090700000|100%| E|CS|TAMS 0x0000000090600000| PB 0x0000000090600000| Complete 
| 103|0x0000000090700000, 0x0000000090800000, 0x0000000090800000|100%| E|CS|TAMS 0x0000000090700000| PB 0x0000000090700000| Complete 
| 104|0x0000000090800000, 0x0000000090900000, 0x0000000090900000|100%| E|CS|TAMS 0x0000000090800000| PB 0x0000000090800000| Complete 
| 105|0x0000000090900000, 0x0000000090a00000, 0x0000000090a00000|100%| E|CS|TAMS 0x0000000090900000| PB 0x0000000090900000| Complete 
| 106|0x0000000090a00000, 0x0000000090b00000, 0x0000000090b00000|100%| E|CS|TAMS 0x0000000090a00000| PB 0x0000000090a00000| Complete 
| 107|0x0000000090b00000, 0x0000000090c00000, 0x0000000090c00000|100%| E|CS|TAMS 0x0000000090b00000| PB 0x0000000090b00000| Complete 
| 108|0x0000000090c00000, 0x0000000090d00000, 0x0000000090d00000|100%| E|CS|TAMS 0x0000000090c00000| PB 0x0000000090c00000| Complete 
| 109|0x0000000090d00000, 0x0000000090e00000, 0x0000000090e00000|100%| E|CS|TAMS 0x0000000090d00000| PB 0x0000000090d00000| Complete 
| 110|0x0000000090e00000, 0x0000000090f00000, 0x0000000090f00000|100%| E|CS|TAMS 0x0000000090e00000| PB 0x0000000090e00000| Complete 
| 111|0x0000000090f00000, 0x0000000091000000, 0x0000000091000000|100%| E|CS|TAMS 0x0000000090f00000| PB 0x0000000090f00000| Complete 
| 112|0x0000000091000000, 0x0000000091100000, 0x0000000091100000|100%| E|CS|TAMS 0x0000000091000000| PB 0x0000000091000000| Complete 
| 113|0x0000000091100000, 0x0000000091200000, 0x0000000091200000|100%| E|CS|TAMS 0x0000000091100000| PB 0x0000000091100000| Complete 
| 114|0x0000000091200000, 0x0000000091300000, 0x0000000091300000|100%| E|CS|TAMS 0x0000000091200000| PB 0x0000000091200000| Complete 
| 115|0x0000000091300000, 0x0000000091400000, 0x0000000091400000|100%| E|CS|TAMS 0x0000000091300000| PB 0x0000000091300000| Complete 
| 116|0x0000000091400000, 0x0000000091500000, 0x0000000091500000|100%| E|CS|TAMS 0x0000000091400000| PB 0x0000000091400000| Complete 
| 117|0x0000000091500000, 0x0000000091600000, 0x0000000091600000|100%| E|CS|TAMS 0x0000000091500000| PB 0x0000000091500000| Complete 

Card table byte_map: [0x0000016bdbca0000,0x0000016bdc050000] _byte_map_base: 0x0000016bdb850000

Marking Bits: (CMBitMap*) 0x0000016bc4766110
 Bits: [0x0000016bdc400000, 0x0000016bde180000)

Polling page: 0x0000016bc2660000

Metaspace:

Usage:
  Non-class:      8.62 MB used.
      Class:      1.19 MB used.
       Both:      9.81 MB used.

Virtual space:
  Non-class space:       64.00 MB reserved,       8.75 MB ( 14%) committed,  1 nodes.
      Class space:        1.00 GB reserved,       1.31 MB ( <1%) committed,  1 nodes.
             Both:        1.06 GB reserved,      10.06 MB ( <1%) committed. 

Chunk freelists:
   Non-Class:  2.95 MB
       Class:  2.74 MB
        Both:  5.69 MB

MaxMetaspaceSize: unlimited
CompressedClassSpaceSize: 1.00 GB
Initial GC threshold: 21.00 MB
Current GC threshold: 21.00 MB
CDS: on
MetaspaceReclaimPolicy: balanced
 - commit_granule_bytes: 65536.
 - commit_granule_words: 8192.
 - virtual_space_node_default_size: 8388608.
 - enlarge_chunks_in_place: 1.
 - new_chunks_are_fully_committed: 0.
 - uncommit_free_chunks: 1.
 - use_allocation_guard: 0.


Internal statistics:

num_allocs_failed_limit: 0.
num_arena_births: 152.
num_arena_deaths: 0.
num_vsnodes_births: 2.
num_vsnodes_deaths: 0.
num_space_committed: 161.
num_space_uncommitted: 0.
num_chunks_returned_to_freelist: 0.
num_chunks_taken_from_freelist: 209.
num_chunk_merges: 0.
num_chunk_splits: 120.
num_chunks_enlarged: 49.
num_inconsistent_stats: 0.

CodeHeap 'non-profiled nmethods': size=120000Kb used=404Kb max_used=404Kb free=119595Kb
 bounds [0x0000016bd42b0000, 0x0000016bd4520000, 0x0000016bdb7e0000]
CodeHeap 'profiled nmethods': size=120000Kb used=2301Kb max_used=2301Kb free=117698Kb
 bounds [0x0000016bcc7e0000, 0x0000016bcca50000, 0x0000016bd3d10000]
CodeHeap 'non-nmethods': size=5760Kb used=1643Kb max_used=1660Kb free=4117Kb
 bounds [0x0000016bd3d10000, 0x0000016bd3f80000, 0x0000016bd42b0000]
 total_blobs=2062 nmethods=1415 adapters=558
 compilation: enabled
              stopped_count=0, restarted_count=0
 full_count=0

Compilation events (20 events):
Event: 1.516 Thread 0x0000016be09863e0 1406       3       java.lang.StringUTF16::toBytes (34 bytes)
Event: 1.516 Thread 0x0000016be09863e0 nmethod 1406 0x0000016bcca18210 code [0x0000016bcca183c0, 0x0000016bcca185d8]
Event: 1.517 Thread 0x0000016be09863e0 1409   !   3       sun.nio.cs.UnicodeDecoder::decodeLoop (304 bytes)
Event: 1.517 Thread 0x0000016be0983bc0 nmethod 1403 0x0000016bd4314390 code [0x0000016bd4314500, 0x0000016bd43145b0]
Event: 1.517 Thread 0x0000016be0983bc0 1404       4       java.nio.Buffer::remaining (20 bytes)
Event: 1.517 Thread 0x0000016be0983bc0 nmethod 1404 0x0000016bd4314690 code [0x0000016bd4314800, 0x0000016bd4314898]
Event: 1.517 Thread 0x0000016be0983bc0 1405       4       java.nio.Buffer::hasRemaining (17 bytes)
Event: 1.518 Thread 0x0000016be0983bc0 nmethod 1405 0x0000016bd4314990 code [0x0000016bd4314b00, 0x0000016bd4314ba0]
Event: 1.518 Thread 0x0000016be0983bc0 1408       4       java.nio.channels.spi.AbstractInterruptibleChannel::end (53 bytes)
Event: 1.518 Thread 0x0000016be09863e0 nmethod 1409 0x0000016bcca18710 code [0x0000016bcca18a80, 0x0000016bcca1a488]
Event: 1.518 Thread 0x0000016be09863e0 1407       3       java.lang.StringUTF16::hashCode (33 bytes)
Event: 1.518 Thread 0x0000016be09863e0 nmethod 1407 0x0000016bcca1ac90 code [0x0000016bcca1ae20, 0x0000016bcca1afd8]
Event: 1.520 Thread 0x0000016be0983bc0 nmethod 1408 0x0000016bd4314c90 code [0x0000016bd4314e00, 0x0000016bd43150c0]
Event: 1.520 Thread 0x0000016be0983bc0 1410   !   4       sun.font.TrueTypeFont::getTableBuffer (208 bytes)
Event: 1.523 Thread 0x0000016be09863e0 1412       3       java.util.HashMap::prepareArray (38 bytes)
Event: 1.524 Thread 0x0000016be09863e0 nmethod 1412 0x0000016bcca1b110 code [0x0000016bcca1b300, 0x0000016bcca1b908]
Event: 1.524 Thread 0x0000016be09863e0 1413       3       java.util.HashSet::toArray (16 bytes)
Event: 1.524 Thread 0x0000016be09863e0 nmethod 1413 0x0000016bcca1bb10 code [0x0000016bcca1bcc0, 0x0000016bcca1bed0]
Event: 1.529 Thread 0x0000016be09863e0 1414       3       java.lang.StringUTF16::newBytesFor (61 bytes)
Event: 1.529 Thread 0x0000016be09863e0 nmethod 1414 0x0000016bcca1bf90 code [0x0000016bcca1c1e0, 0x0000016bcca1c9e8]

GC Heap History (0 events):
No events

Dll operation events (10 events):
Event: 0.011 Loaded shared library C:\Program Files\Java\jdk-20\bin\java.dll
Event: 0.042 Loaded shared library C:\Program Files\Java\jdk-20\bin\jsvml.dll
Event: 0.104 Loaded shared library C:\Program Files\Java\jdk-20\bin\net.dll
Event: 0.107 Loaded shared library C:\Program Files\Java\jdk-20\bin\nio.dll
Event: 0.139 Loaded shared library C:\Program Files\Java\jdk-20\bin\zip.dll
Event: 0.161 Loaded shared library C:\Program Files\Java\jdk-20\bin\jimage.dll
Event: 0.187 Loaded shared library C:\Program Files\Java\jdk-20\bin\awt.dll
Event: 0.608 Loaded shared library C:\Program Files\Java\jdk-20\bin\verify.dll
Event: 0.785 Loaded shared library C:\Program Files\Java\jdk-20\bin\freetype.dll
Event: 0.787 Loaded shared library C:\Program Files\Java\jdk-20\bin\fontmanager.dll

Deoptimization events (20 events):
Event: 0.993 Thread 0x0000016be0978d40 Uncommon trap: trap_request=0xffffff45 fr.pc=0x0000016bd42d87ec relative=0x00000000000004ac
Event: 0.993 Thread 0x0000016be0978d40 Uncommon trap: reason=unstable_if action=reinterpret pc=0x0000016bd42d87ec method=java.lang.StringLatin1.replace([BCC)Ljava/lang/String; @ 19 c2
Event: 0.993 Thread 0x0000016be0978d40 DEOPT PACKING pc=0x0000016bd42d87ec sp=0x00000020327fec00
Event: 0.993 Thread 0x0000016be0978d40 DEOPT UNPACKING pc=0x0000016bd3d79d22 sp=0x00000020327feb80 mode 2
Event: 1.301 Thread 0x0000016be09787f0 Uncommon trap: trap_request=0xffffff45 fr.pc=0x0000016bd4303928 relative=0x0000000000000468
Event: 1.301 Thread 0x0000016be09787f0 Uncommon trap: reason=unstable_if action=reinterpret pc=0x0000016bd4303928 method=java.lang.StringLatin1.toLowerCase(Ljava/lang/String;[BLjava/util/Locale;)Ljava/lang/String; @ 43 c2
Event: 1.301 Thread 0x0000016be09787f0 DEOPT PACKING pc=0x0000016bd4303928 sp=0x00000020326fd1a0
Event: 1.301 Thread 0x0000016be09787f0 DEOPT UNPACKING pc=0x0000016bd3d79d22 sp=0x00000020326fd110 mode 2
Event: 1.320 Thread 0x0000016be09787f0 DEOPT PACKING pc=0x0000016bcc7f5057 sp=0x00000020326fcb30
Event: 1.320 Thread 0x0000016be09787f0 DEOPT UNPACKING pc=0x0000016bd3d7a4c2 sp=0x00000020326fbf50 mode 0
Event: 1.366 Thread 0x0000016be09787f0 DEOPT PACKING pc=0x0000016bcc7e9541 sp=0x00000020326fcdb0
Event: 1.366 Thread 0x0000016be09787f0 DEOPT UNPACKING pc=0x0000016bd3d7a4c2 sp=0x00000020326fc228 mode 0
Event: 1.501 Thread 0x0000016be09787f0 Uncommon trap: trap_request=0xffffff45 fr.pc=0x0000016bd42baea0 relative=0x00000000000000a0
Event: 1.501 Thread 0x0000016be09787f0 Uncommon trap: reason=unstable_if action=reinterpret pc=0x0000016bd42baea0 method=java.lang.String.isLatin1()Z @ 10 c2
Event: 1.501 Thread 0x0000016be09787f0 DEOPT PACKING pc=0x0000016bd42baea0 sp=0x00000020326fcfb0
Event: 1.501 Thread 0x0000016be09787f0 DEOPT UNPACKING pc=0x0000016bd3d79d22 sp=0x00000020326fcee0 mode 2
Event: 1.515 Thread 0x0000016be09787f0 Uncommon trap: trap_request=0xffffff45 fr.pc=0x0000016bd43136e4 relative=0x00000000000003c4
Event: 1.515 Thread 0x0000016be09787f0 Uncommon trap: reason=unstable_if action=reinterpret pc=0x0000016bd43136e4 method=java.lang.Character.isSurrogate(C)Z @ 3 c2
Event: 1.515 Thread 0x0000016be09787f0 DEOPT PACKING pc=0x0000016bd43136e4 sp=0x00000020326fcc90
Event: 1.515 Thread 0x0000016be09787f0 DEOPT UNPACKING pc=0x0000016bd3d79d22 sp=0x00000020326fcba8 mode 2

Classes loaded (20 events):
Event: 1.268 Loading class java/awt/PrintGraphics
Event: 1.268 Loading class java/awt/PrintGraphics done
Event: 1.268 Loading class sun/java2d/loops/FontInfo
Event: 1.268 Loading class sun/java2d/loops/FontInfo done
Event: 1.274 Loading class sun/font/SunFontManager$FamilyDescription
Event: 1.274 Loading class sun/font/SunFontManager$FamilyDescription done
Event: 1.299 Loading class jdk/internal/foreign/MemorySessionImpl
Event: 1.299 Loading class java/lang/foreign/SegmentScope
Event: 1.299 Loading class java/lang/foreign/SegmentScope done
Event: 1.299 Loading class java/lang/foreign/SegmentAllocator
Event: 1.299 Loading class java/lang/foreign/SegmentAllocator done
Event: 1.299 Loading class jdk/internal/foreign/MemorySessionImpl done
Event: 1.302 Loading class sun/font/SunFontManager$3
Event: 1.302 Loading class sun/font/SunFontManager$3 done
Event: 1.330 Loading class sun/font/SunFontManager$8
Event: 1.330 Loading class sun/font/SunFontManager$8 done
Event: 1.337 Loading class sun/font/SunFontManager$9
Event: 1.337 Loading class sun/font/SunFontManager$9 done
Event: 1.485 Loading class java/lang/foreign/MemorySegment
Event: 1.486 Loading class java/lang/foreign/MemorySegment done

Classes unloaded (0 events):
No events

Classes redefined (0 events):
No events

Internal exceptions (15 events):
Event: 0.109 Thread 0x0000016bc470a900 Exception <a 'sun/nio/fs/WindowsException'{0x000000009144ee68}> (0x000000009144ee68) 
thrown [s\open\src\hotspot\share\prims\jni.cpp, line 519]
Event: 0.114 Thread 0x0000016bc470a900 Exception <a 'sun/nio/fs/WindowsException'{0x0000000091451380}> (0x0000000091451380) 
thrown [s\open\src\hotspot\share\prims\jni.cpp, line 519]
Event: 0.114 Thread 0x0000016bc470a900 Exception <a 'sun/nio/fs/WindowsException'{0x0000000091451eb0}> (0x0000000091451eb0) 
thrown [s\open\src\hotspot\share\prims\jni.cpp, line 519]
Event: 0.169 Thread 0x0000016bc470a900 Exception <a 'java/lang/ClassNotFoundException'{0x00000000913b8c80}: sun/awt/resources/spi/awtProvider> (0x00000000913b8c80) 
thrown [s\open\src\hotspot\share\classfile\systemDictionary.cpp, line 305]
Event: 0.202 Thread 0x0000016bc470a900 Exception <a 'java/io/FileNotFoundException'{0x000000009120fd30}> (0x000000009120fd30) 
thrown [s\open\src\hotspot\share\prims\jni.cpp, line 519]
Event: 0.212 Thread 0x0000016bc470a900 Exception <a 'java/io/FileNotFoundException'{0x0000000091239db0}> (0x0000000091239db0) 
thrown [s\open\src\hotspot\share\prims\jni.cpp, line 519]
Event: 0.502 Thread 0x0000016bc470a900 Exception <a 'java/lang/NoSuchMethodError'{0x00000000912cf508}: 'void java.lang.invoke.DirectMethodHandle$Holder.invokeSpecial(java.lang.Object, java.lang.Object, java.lang.Object)'> (0x00000000912cf508) 
thrown [s\open\src\hotspot\share\interpreter\linkResolver.cpp, line 773]
Event: 0.532 Thread 0x0000016bc470a900 Exception <a 'java/lang/NoSuchMethodError'{0x000000009118f5f0}: 'java.lang.Object java.lang.invoke.DirectMethodHandle$Holder.newInvokeSpecial(java.lang.Object, java.lang.Object, java.lang.Object, java.lang.Object, java.lang.Object)'> (0x000000009118f5f0) 
thrown [s\open\src\hotspot\share\interpreter\linkResolver.cpp, line 773]
Event: 0.546 Thread 0x0000016bc470a900 Exception <a 'java/lang/NoSuchMethodError'{0x00000000911bfe98}: 'java.lang.Object java.lang.invoke.DirectMethodHandle$Holder.invokeStatic(java.lang.Object, int, java.lang.Object)'> (0x00000000911bfe98) 
thrown [s\open\src\hotspot\share\interpreter\linkResolver.cpp, line 773]
Event: 0.584 Thread 0x0000016bc470a900 Exception <a 'java/lang/ClassNotFoundException'{0x000000009107b9d0}: com/sun/swing/internal/plaf/metal/resources/spi/metalProvider> (0x000000009107b9d0) 
thrown [s\open\src\hotspot\share\classfile\systemDictionary.cpp, line 305]
Event: 0.586 Thread 0x0000016bc470a900 Exception <a 'java/lang/ClassNotFoundException'{0x000000009107f930}: com/sun/swing/internal/plaf/basic/resources/spi/basicProvider> (0x000000009107f930) 
thrown [s\open\src\hotspot\share\classfile\systemDictionary.cpp, line 305]
Event: 0.601 Thread 0x0000016bc470a900 Exception <a 'java/lang/NoSuchMethodError'{0x000000009109eb00}: 'int java.lang.invoke.Invokers$Holder.invokeExact_MT(java.lang.Object, java.lang.Object)'> (0x000000009109eb00) 
thrown [s\open\src\hotspot\share\interpreter\linkResolver.cpp, line 773]
Event: 0.999 Thread 0x0000016be0978d40 Exception <a 'java/lang/NoSuchMethodError'{0x0000000090cebac0}: 'java.lang.Object java.lang.invoke.DirectMethodHandle$Holder.newInvokeSpecial(java.lang.Object, java.lang.Object, java.lang.Object, int, int, int, int, int)'> (0x0000000090cebac0) 
thrown [s\open\src\hotspot\share\interpreter\linkResolver.cpp, line 773]
Event: 1.032 Thread 0x0000016be097b270 Exception <a 'java/lang/NoSuchMethodError'{0x000000009110f7b0}: 'void java.lang.invoke.DirectMethodHandle$Holder.invokeVirtual(java.lang.Object, java.lang.Object)'> (0x000000009110f7b0) 
thrown [s\open\src\hotspot\share\interpreter\linkResolver.cpp, line 773]
Event: 1.060 Thread 0x0000016bc470a900 Exception <a 'java/lang/NoSuchMethodError'{0x0000000090cb7ab0}: 'void java.lang.invoke.DirectMethodHandle$Holder.invokeStaticInit(java.lang.Object)'> (0x0000000090cb7ab0) 
thrown [s\open\src\hotspot\share\interpreter\linkResolver.cpp, line 773]

VM Operations (14 events):
Event: 0.116 Executing VM operation: HandshakeAllThreads
Event: 0.116 Executing VM operation: HandshakeAllThreads done
Event: 0.227 Executing VM operation: HandshakeAllThreads
Event: 0.227 Executing VM operation: HandshakeAllThreads done
Event: 0.658 Executing VM operation: HandshakeAllThreads
Event: 0.658 Executing VM operation: HandshakeAllThreads done
Event: 0.715 Executing VM operation: HandshakeAllThreads
Event: 0.715 Executing VM operation: HandshakeAllThreads done
Event: 1.019 Executing VM operation: HandshakeAllThreads
Event: 1.020 Executing VM operation: HandshakeAllThreads done
Event: 1.141 Executing VM operation: ICBufferFull
Event: 1.141 Executing VM operation: ICBufferFull done
Event: 1.232 Executing VM operation: HandshakeAllThreads
Event: 1.232 Executing VM operation: HandshakeAllThreads done

Events (18 events):
Event: 0.042 Thread 0x0000016bc470a900 Thread added: 0x0000016bc470a900
Event: 0.058 Thread 0x0000016be096ec80 Thread added: 0x0000016be096ec80
Event: 0.058 Thread 0x0000016be096f880 Thread added: 0x0000016be096f880
Event: 0.058 Thread 0x0000016be0973540 Thread added: 0x0000016be0973540
Event: 0.058 Thread 0x0000016be0974e90 Thread added: 0x0000016be0974e90
Event: 0.058 Thread 0x0000016be0975900 Thread added: 0x0000016be0975900
Event: 0.058 Thread 0x0000016be0979d30 Thread added: 0x0000016be0979d30
Event: 0.059 Thread 0x0000016be0983bc0 Thread added: 0x0000016be0983bc0
Event: 0.059 Thread 0x0000016be09863e0 Thread added: 0x0000016be09863e0
Event: 0.089 Thread 0x0000016be0979290 Thread added: 0x0000016be0979290
Event: 0.131 Thread 0x0000016be097a280 Thread added: 0x0000016be097a280
Event: 0.319 Thread 0x0000016be097ad20 Thread added: 0x0000016be097ad20
Event: 0.326 Thread 0x0000016be09782a0 Thread added: 0x0000016be09782a0
Event: 0.329 Thread 0x0000016be097b270 Thread added: 0x0000016be097b270
Event: 0.850 Thread 0x0000016be09787f0 Thread added: 0x0000016be09787f0
Event: 0.991 Thread 0x0000016be0978d40 Thread added: 0x0000016be0978d40
Event: 1.210 Thread 0x0000016bc470a900 Thread exited: 0x0000016bc470a900
Event: 1.210 Thread 0x0000016be09797e0 Thread added: 0x0000016be09797e0


Dynamic libraries:
0x00007ff6f53c0000 - 0x00007ff6f53d0000 	C:\Program Files\Java\jdk-20\bin\java.exe
0x00007fff920d0000 - 0x00007fff922e7000 	C:\WINDOWS\SYSTEM32\ntdll.dll
0x00007fff911c0000 - 0x00007fff91284000 	C:\WINDOWS\System32\KERNEL32.DLL
0x00007fff8f840000 - 0x00007fff8fbe6000 	C:\WINDOWS\System32\KERNELBASE.dll
0x00007fff8f440000 - 0x00007fff8f551000 	C:\WINDOWS\System32\ucrtbase.dll
0x00007fff896c0000 - 0x00007fff896d9000 	C:\Program Files\Java\jdk-20\bin\jli.dll
0x00007fff85230000 - 0x00007fff8524b000 	C:\Program Files\Java\jdk-20\bin\VCRUNTIME140.dll
0x00007fff91fd0000 - 0x00007fff92081000 	C:\WINDOWS\System32\ADVAPI32.dll
0x00007fff91ec0000 - 0x00007fff91f67000 	C:\WINDOWS\System32\msvcrt.dll
0x00007fff91700000 - 0x00007fff917a5000 	C:\WINDOWS\System32\sechost.dll
0x00007fff91290000 - 0x00007fff913a7000 	C:\WINDOWS\System32\RPCRT4.dll
0x00007fff91c60000 - 0x00007fff91e0e000 	C:\WINDOWS\System32\USER32.dll
0x00007fff8f680000 - 0x00007fff8f6a6000 	C:\WINDOWS\System32\win32u.dll
0x00007fff904a0000 - 0x00007fff904c9000 	C:\WINDOWS\System32\GDI32.dll
0x00007fff8f560000 - 0x00007fff8f678000 	C:\WINDOWS\System32\gdi32full.dll
0x00007fff7c3d0000 - 0x00007fff7c663000 	C:\WINDOWS\WinSxS\amd64_microsoft.windows.common-controls_6595b64144ccf1df_6.0.22621.2506_none_270c5ae97388e100\COMCTL32.dll
0x00007fff8f6b0000 - 0x00007fff8f74a000 	C:\WINDOWS\System32\msvcp_win.dll
0x00007fff886f0000 - 0x00007fff886fa000 	C:\WINDOWS\SYSTEM32\VERSION.dll
0x00007fff91c20000 - 0x00007fff91c51000 	C:\WINDOWS\System32\IMM32.DLL
0x00007fff88a10000 - 0x00007fff88a1c000 	C:\Program Files\Java\jdk-20\bin\vcruntime140_1.dll
0x00007fff6f6e0000 - 0x00007fff6f76e000 	C:\Program Files\Java\jdk-20\bin\msvcp140.dll
0x00007fff1e580000 - 0x00007fff1f218000 	C:\Program Files\Java\jdk-20\bin\server\jvm.dll
0x00007fff88c40000 - 0x00007fff88c49000 	C:\WINDOWS\SYSTEM32\WSOCK32.dll
0x00007fff91440000 - 0x00007fff914b1000 	C:\WINDOWS\System32\WS2_32.dll
0x00007fff87050000 - 0x00007fff87084000 	C:\WINDOWS\SYSTEM32\WINMM.dll
0x00007fff8e440000 - 0x00007fff8e458000 	C:\WINDOWS\SYSTEM32\kernel.appcore.dll
0x00007fff85ca0000 - 0x00007fff85caa000 	C:\Program Files\Java\jdk-20\bin\jimage.dll
0x00007fff82c30000 - 0x00007fff82e63000 	C:\WINDOWS\SYSTEM32\DBGHELP.DLL
0x00007fff904d0000 - 0x00007fff90859000 	C:\WINDOWS\System32\combase.dll
0x00007fff914c0000 - 0x00007fff91597000 	C:\WINDOWS\System32\OLEAUT32.dll
0x00007fff79910000 - 0x00007fff79942000 	C:\WINDOWS\SYSTEM32\dbgcore.DLL
0x00007fff8f750000 - 0x00007fff8f7ca000 	C:\WINDOWS\System32\bcryptPrimitives.dll
0x00007fff7f950000 - 0x00007fff7f976000 	C:\Program Files\Java\jdk-20\bin\java.dll
0x00007fff46ab0000 - 0x00007fff46b87000 	C:\Program Files\Java\jdk-20\bin\jsvml.dll
0x00007fff90860000 - 0x00007fff910ba000 	C:\WINDOWS\System32\SHELL32.dll
0x00007fff8d310000 - 0x00007fff8dc06000 	C:\WINDOWS\SYSTEM32\windows.storage.dll
0x00007fff8d1d0000 - 0x00007fff8d30e000 	C:\WINDOWS\SYSTEM32\wintypes.dll
0x00007fff8fe20000 - 0x00007fff8ff13000 	C:\WINDOWS\System32\SHCORE.dll
0x00007fff91b30000 - 0x00007fff91b8e000 	C:\WINDOWS\System32\shlwapi.dll
0x00007fff8f370000 - 0x00007fff8f396000 	C:\WINDOWS\SYSTEM32\profapi.dll
0x00007fff85210000 - 0x00007fff85223000 	C:\Program Files\Java\jdk-20\bin\net.dll
0x00007fff88260000 - 0x00007fff88397000 	C:\WINDOWS\SYSTEM32\WINHTTP.dll
0x00007fff8e8c0000 - 0x00007fff8e929000 	C:\WINDOWS\system32\mswsock.dll
0x00007fff7f230000 - 0x00007fff7f246000 	C:\Program Files\Java\jdk-20\bin\nio.dll
0x00007fff7f210000 - 0x00007fff7f228000 	C:\Program Files\Java\jdk-20\bin\zip.dll
0x00007fff3a4c0000 - 0x00007fff3a651000 	C:\Program Files\Java\jdk-20\bin\awt.dll
0x00007fff8c410000 - 0x00007fff8c4a7000 	C:\WINDOWS\SYSTEM32\apphelp.dll
0x00007fff8c830000 - 0x00007fff8c85b000 	C:\WINDOWS\system32\DWMAPI.DLL
0x00007fff8c5d0000 - 0x00007fff8c67b000 	C:\WINDOWS\system32\uxtheme.dll
0x00007fff3d330000 - 0x00007fff3d430000 	C:\WINDOWS\system32\opengl32.dll
0x00007fff76ca0000 - 0x00007fff76ccd000 	C:\WINDOWS\SYSTEM32\GLU32.dll
0x00007fff8c6e0000 - 0x00007fff8c716000 	C:\WINDOWS\SYSTEM32\dxcore.dll
0x00007fff915b0000 - 0x00007fff91700000 	C:\WINDOWS\System32\MSCTF.dll
0x00007fff91990000 - 0x00007fff91b30000 	C:\WINDOWS\System32\ole32.dll
0x00007fff3cb80000 - 0x00007fff3cd29000 	C:\WINDOWS\system32\d3d9.dll
0x00007fff85500000 - 0x00007fff856db000 	C:\WINDOWS\System32\DriverStore\FileRepository\u0368330.inf_amd64_2a773f4c46cdd019\B367597\aticfx64.dll
0x00007fff48c40000 - 0x00007fff48c73000 	C:\WINDOWS\System32\DriverStore\FileRepository\u0368330.inf_amd64_2a773f4c46cdd019\B367597\atiu9p64.dll
0x00007fff31e00000 - 0x00007fff32b5a000 	C:\WINDOWS\System32\DriverStore\FileRepository\u0368330.inf_amd64_2a773f4c46cdd019\B367597\atiumd64.dll
0x000000005ec90000 - 0x000000005fb5b000 	C:\WINDOWS\System32\DriverStore\FileRepository\u0368330.inf_amd64_2a773f4c46cdd019\B367597\atiumd6a.dll
0x00007fff8f310000 - 0x00007fff8f35d000 	C:\WINDOWS\SYSTEM32\POWRPROF.dll
0x00007fff8f140000 - 0x00007fff8f153000 	C:\WINDOWS\SYSTEM32\UMPDC.dll
0x00007fff859c0000 - 0x00007fff859f0000 	C:\WINDOWS\SYSTEM32\amdihk64.dll
0x00007fff88cc0000 - 0x00007fff88d0a000 	C:\WINDOWS\SYSTEM32\directxdatabasehelper.dll
0x00007fff7f400000 - 0x00007fff7f410000 	C:\Program Files\Java\jdk-20\bin\verify.dll
0x00007fff49790000 - 0x00007fff49816000 	C:\Program Files\Java\jdk-20\bin\freetype.dll
0x00007fff469a0000 - 0x00007fff46a73000 	C:\Program Files\Java\jdk-20\bin\fontmanager.dll
0x00007fff910c0000 - 0x00007fff91170000 	C:\WINDOWS\System32\clbcatq.dll
0x00007fff8ae40000 - 0x00007fff8aff0000 	C:\WINDOWS\SYSTEM32\WindowsCodecs.dll
0x00007fff71980000 - 0x00007fff719de000 	C:\WINDOWS\system32\dataexchange.dll
0x00007fff867c0000 - 0x00007fff86a45000 	C:\WINDOWS\system32\twinapi.appcore.dll
0x00007fff7e6c0000 - 0x00007fff7e80a000 	C:\WINDOWS\SYSTEM32\textinputframework.dll

dbghelp: loaded successfully - version: 4.0.5 - missing functions: none
symbol engine: initialized successfully - sym options: 0x614 - pdb path: .;C:\Program Files\Java\jdk-20\bin;C:\WINDOWS\SYSTEM32;C:\WINDOWS\WinSxS\amd64_microsoft.windows.common-controls_6595b64144ccf1df_6.0.22621.2506_none_270c5ae97388e100;C:\Program Files\Java\jdk-20\bin\server;C:\WINDOWS\System32\DriverStore\FileRepository\u0368330.inf_amd64_2a773f4c46cdd019\B367597

VM Arguments:
jvm_args: -Dfile.encoding=UTF-8 --module-path=C:\Users\acer\Desktop\Java Project\University Management System\build\classes 
java_command: university.management.system.StudentLeave
java_class_path (initial): C:\Users\acer\Desktop\mysql-connector-java-8.0.28.jar;C:\Users\acer\Desktop\jcalendar-tz-1.3.3-4.jar;C:\Users\acer\Desktop\rs2xml.jar;C:\Users\acer\Desktop\Java Project\University Management System\build\classes
Launcher Type: SUN_STANDARD

[Global flags]
     intx CICompilerCount                          = 3                                         {product} {ergonomic}
     uint ConcGCThreads                            = 2                                         {product} {ergonomic}
     uint G1ConcRefinementThreads                  = 6                                         {product} {ergonomic}
   size_t G1HeapRegionSize                         = 1048576                                   {product} {ergonomic}
    uintx GCDrainStackTargetSize                   = 64                                        {product} {ergonomic}
   size_t InitialHeapSize                          = 123731968                                 {product} {ergonomic}
   size_t MarkStackSize                            = 4194304                                   {product} {ergonomic}
   size_t MaxHeapSize                              = 1979711488                                {product} {ergonomic}
   size_t MaxNewSize                               = 1186988032                                {product} {ergonomic}
   size_t MinHeapDeltaBytes                        = 1048576                                   {product} {ergonomic}
   size_t MinHeapSize                              = 8388608                                   {product} {ergonomic}
    uintx NonNMethodCodeHeapSize                   = 5832780                                {pd product} {ergonomic}
    uintx NonProfiledCodeHeapSize                  = 122912730                              {pd product} {ergonomic}
    uintx ProfiledCodeHeapSize                     = 122912730                              {pd product} {ergonomic}
    uintx ReservedCodeCacheSize                    = 251658240                              {pd product} {ergonomic}
     bool SegmentedCodeCache                       = true                                      {product} {ergonomic}
   size_t SoftMaxHeapSize                          = 1979711488                             {manageable} {ergonomic}
     bool UseCompressedClassPointers               = true                           {product lp64_product} {ergonomic}
     bool UseCompressedOops                        = true                           {product lp64_product} {ergonomic}
     bool UseG1GC                                  = true                                      {product} {ergonomic}
     bool UseLargePagesIndividualAllocation        = false                                  {pd product} {ergonomic}

Logging:
Log output configuration:
 #0: stdout all=warning uptime,level,tags foldmultilines=false
 #1: stderr all=off uptime,level,tags foldmultilines=false

Environment Variables:
JAVA_HOME=c:\Java
PATH=C:\Program Files\Common Files\Oracle\Java\javapath;C:\Program Files (x86)\Common Files\Oracle\Java\javapath;C:\WINDOWS\system32;C:\WINDOWS;C:\WINDOWS\System32\Wbem;C:\WINDOWS\System32\WindowsPowerShell\v1.0\;C:\WINDOWS\System32\OpenSSH\;C:\Program Files\MySQL\MySQL Server 8.0\bin;C:\Program Files\nodejs\;C:\Program Files\MATLAB\MATLAB Runtime\v912\runtime\win64;C:\Program Files (x86)\dotnet\;C:\Program Files\MongoDB\Server\4.4\bin;C:\Program Files\Git\cmd;C:\Program Files\Git\bin;C:\Program Files\heroku\bin;C:\Users\acer\anaconda3\Library\bin;C:\Program Files\PuTTY\;c:\Java\bin\;C:\Program Files\Graphviz\bin;'C:\Users\acer\AppData\Local\Packages\PythonSoftwareFoundation.Python.3.11_qbz5n2kfra8p0\LocalCache\local-packages\Python311\Scripts;C:\Program Files\PowerShell\7\;C:\Program Files\Python311\Scripts;C:\Users\acer\AppData\Local\Microsoft\WindowsApps;C:\Users\acer\AppData\Local\Programs\Microsoft VS Code\bin;C:\Program Files\Java\jdk-17.0.1\lib\mysql-connector.jar;C:\Users\acer\AppData\Roaming\npm;C:\mingw64\bin;C:\Users\acer\AppData\Local\atom\bin;C:\Program Files\heroku\bin;C:\Program Files\JetBrains\PyCharm Community Edition 2022.3\bin;;C:\apache-cassandra-3.0.28\bin;C:\hbase-3.0.0-alpha-3\bin;C:\Program Files\jdk-19.0.2\bin;C:\Program Files\Java\jdk-17.0.6\bin;C:\Users\acer\AppData\Roaming\Python\Python311\Scripts;C:\Program Files\JetBrains\IntelliJ IDEA 2023.1.4\bin;;C:\Program Files (x86)\Inno Setup 6;
USERNAME=acer
OS=Windows_NT
PROCESSOR_IDENTIFIER=AMD64 Family 23 Model 96 Stepping 1, AuthenticAMD
TMP=C:\Users\acer\AppData\Local\Temp
TEMP=C:\Users\acer\AppData\Local\Temp




---------------  S Y S T E M  ---------------

OS:
 Windows 11 , 64 bit Build 22621 (10.0.22621.2506)
OS uptime: 3 days 19:54 hours
Hyper-V role detected

CPU: total 6 (initial active 6) (6 cores per cpu, 1 threads per core) family 23 model 96 stepping 1 microcode 0x0, cx8, cmov, fxsr, mmx, 3dnowpref, sse, sse2, sse3, ssse3, sse4a, sse4.1, sse4.2, popcnt, lzcnt, tsc, tscinvbit, avx, avx2, aes, clmul, bmi1, bmi2, adx, sha, fma, vzeroupper, clflush, clflushopt, hv, rdtscp, rdpid, f16c

Memory: 4k page, system-wide physical 7549M (267M free)
TotalPageFile size 16616M (AvailPageFile size 2M)
current process WorkingSet (physical memory assigned to process): 92M, peak: 92M
current process commit charge ("private bytes"): 230M, peak: 230M

vm_info: Java HotSpot(TM) 64-Bit Server VM (20.0.2+9-78) for windows-amd64 JRE (20.0.2+9-78), built on 2023-06-14T10:08:48Z by "mach5one" with MS VC++ 17.1 (VS2022)

END.
