#
# There is insufficient memory for the Java Runtime Environment to continue.
# Native memory allocation (malloc) failed to allocate 810496 bytes for Chunk::new
# Possible reasons:
#   The system is out of physical RAM or swap space
#   The process is running with CompressedOops enabled, and the Java Heap may be blocking the growth of the native heap
# Possible solutions:
#   Reduce memory load on the system
#   Increase physical memory or swap space
#   Check if swap backing store is full
#   Decrease Java heap size (-Xmx/-Xms)
#   Decrease number of Java threads
#   Decrease Java thread stack sizes (-Xss)
#   Set larger code cache with -XX:ReservedCodeCacheSize=
#   JVM is running with Unscaled Compressed Oops mode in which the Java heap is
#     placed in the first 4GB address space. The Java Heap base address is the
#     maximum limit for the native heap growth. Please use -XX:HeapBaseMinAddress
#     to set the Java Heap base and to place the Java Heap above 4GB virtual address.
# This output file may be truncated or incomplete.
#
#  Out of Memory Error (arena.cpp:184), pid=19636, tid=14328
#
# JRE version: Java(TM) SE Runtime Environment (20.0.2+9) (build 20.0.2+9-78)
# Java VM: Java HotSpot(TM) 64-Bit Server VM (20.0.2+9-78, mixed mode, sharing, tiered, compressed oops, compressed class ptrs, g1 gc, windows-amd64)
# No core dump will be written. Minidumps are not enabled by default on client versions of Windows
#

---------------  S U M M A R Y ------------

Command Line: -Dfile.encoding=UTF-8 --module-path=C:\Users\acer\Desktop\Java Project\University Management System\build\classes university.management.system.AddStudent

Host: AMD Ryzen 5 4500U with Radeon Graphics         , 6 cores, 7G,  Windows 11 , 64 bit Build 22621 (10.0.22621.2506)
Time: Fri Dec 29 23:17:24 2023 Nepal Standard Time elapsed time: 1.082316 seconds (0d 0h 0m 1s)

---------------  T H R E A D  ---------------

Current thread (0x0000025a30e76a30):  JavaThread "C2 CompilerThread0" daemon [_thread_in_native, id=14328, stack(0x000000c1d5500000,0x000000c1d5600000)]


Current CompileTask:
C2:   1082 1037   !   4       sun.font.TrueTypeFont::getTableBuffer (208 bytes)

Stack: [0x000000c1d5500000,0x000000c1d5600000]
Native frames: (J=compiled Java code, j=interpreted, Vv=VM code, C=native code)
V  [jvm.dll+0x6bc25a]
V  [jvm.dll+0x84971a]
V  [jvm.dll+0x84b315]
V  [jvm.dll+0x84ba13]
V  [jvm.dll+0x280e4f]
V  [jvm.dll+0xc2ab1]
V  [jvm.dll+0xc2dd5]
V  [jvm.dll+0x3bb64c]
V  [jvm.dll+0x385b75]
V  [jvm.dll+0x384fea]
V  [jvm.dll+0x24b529]
V  [jvm.dll+0x24a921]
V  [jvm.dll+0x1ce761]
V  [jvm.dll+0x25a0eb]
V  [jvm.dll+0x2587c0]
V  [jvm.dll+0x3f2dd5]
V  [jvm.dll+0x7f5c76]
V  [jvm.dll+0x6baecb]
C  [ucrtbase.dll+0x29363]
C  [KERNEL32.DLL+0x1257d]
C  [ntdll.dll+0x5aa58]


---------------  P R O C E S S  ---------------

Threads class SMR info:
_java_thread_list=0x0000025a76a6ac70, length=16, elements={
0x0000025a30e434e0, 0x0000025a30e440e0, 0x0000025a30e4a730, 0x0000025a30e4c310,
0x0000025a30e4d850, 0x0000025a30e4dda0, 0x0000025a30e76a30, 0x0000025a30e831c0,
0x0000025a30e4c860, 0x0000025a30e4e2f0, 0x0000025a30e4e840, 0x0000025a30e4b870,
0x0000025a30e4b320, 0x0000025a30e4d300, 0x0000025a30e4cdb0, 0x0000025a30e82c30
}

Java Threads: ( => current thread )
  0x0000025a30e434e0 JavaThread "Reference Handler" daemon [_thread_blocked, id=21260, stack(0x000000c1d4f00000,0x000000c1d5000000)]
  0x0000025a30e440e0 JavaThread "Finalizer" daemon [_thread_blocked, id=15944, stack(0x000000c1d5000000,0x000000c1d5100000)]
  0x0000025a30e4a730 JavaThread "Signal Dispatcher" daemon [_thread_blocked, id=22448, stack(0x000000c1d5100000,0x000000c1d5200000)]
  0x0000025a30e4c310 JavaThread "Attach Listener" daemon [_thread_blocked, id=20420, stack(0x000000c1d5200000,0x000000c1d5300000)]
  0x0000025a30e4d850 JavaThread "Service Thread" daemon [_thread_blocked, id=14352, stack(0x000000c1d5300000,0x000000c1d5400000)]
  0x0000025a30e4dda0 JavaThread "Monitor Deflation Thread" daemon [_thread_blocked, id=13880, stack(0x000000c1d5400000,0x000000c1d5500000)]
=>0x0000025a30e76a30 JavaThread "C2 CompilerThread0" daemon [_thread_in_native, id=14328, stack(0x000000c1d5500000,0x000000c1d5600000)]
  0x0000025a30e831c0 JavaThread "C1 CompilerThread0" daemon [_thread_blocked, id=12176, stack(0x000000c1d5600000,0x000000c1d5700000)]
  0x0000025a30e4c860 JavaThread "Common-Cleaner" daemon [_thread_blocked, id=10416, stack(0x000000c1d5700000,0x000000c1d5800000)]
  0x0000025a30e4e2f0 JavaThread "Notification Thread" daemon [_thread_blocked, id=7976, stack(0x000000c1d5800000,0x000000c1d5900000)]
  0x0000025a30e4e840 JavaThread "Java2D Disposer" daemon [_thread_blocked, id=1620, stack(0x000000c1d5b00000,0x000000c1d5c00000)]
  0x0000025a30e4b870 JavaThread "AWT-Shutdown" [_thread_blocked, id=18204, stack(0x000000c1d5c00000,0x000000c1d5d00000)]
  0x0000025a30e4b320 JavaThread "AWT-Windows" daemon [_thread_in_native, id=16680, stack(0x000000c1d5d00000,0x000000c1d5e00000)]
  0x0000025a30e4d300 JavaThread "AWT-EventQueue-0" [_thread_in_native, id=8404, stack(0x000000c1d5a00000,0x000000c1d5b00000)]
  0x0000025a30e4cdb0 JavaThread "DestroyJavaVM" [_thread_blocked, id=2364, stack(0x000000c1d4800000,0x000000c1d4900000)]
  0x0000025a30e82c30 JavaThread "C2 CompilerThread1" daemon [_thread_blocked, id=21368, stack(0x000000c1d6100000,0x000000c1d6200000)]

Other Threads:
  0x0000025a30e20930 VMThread "VM Thread" [stack: 0x000000c1d4e00000,0x000000c1d4f00000] [id=20916]
  0x0000025a761abd40 WatcherThread "VM Periodic Task Thread" [stack: 0x000000c1d5900000,0x000000c1d5a00000] [id=17436]
  0x0000025a14c36e50 WorkerThread "GC Thread#0" [stack: 0x000000c1d4900000,0x000000c1d4a00000] [id=13896]
  0x0000025a14c46a10 ConcurrentGCThread "G1 Main Marker" [stack: 0x000000c1d4a00000,0x000000c1d4b00000] [id=22284]
  0x0000025a14c47af0 WorkerThread "G1 Conc#0" [stack: 0x000000c1d4b00000,0x000000c1d4c00000] [id=11340]
  0x0000025a30ce10c0 ConcurrentGCThread "G1 Refine#0" [stack: 0x000000c1d4c00000,0x000000c1d4d00000] [id=21548]
  0x0000025a30ce1970 ConcurrentGCThread "G1 Service" [stack: 0x000000c1d4d00000,0x000000c1d4e00000] [id=14520]

Threads with active compile tasks:
C2 CompilerThread0     1110 1037   !   4       sun.font.TrueTypeFont::getTableBuffer (208 bytes)

VM state: not at safepoint (normal execution)

VM Mutex/Monitor currently owned by a thread: None

Heap address: 0x000000008a000000, size: 1888 MB, Compressed Oops mode: 32-bit

CDS archive(s) mapped at: [0x0000025a31000000-0x0000025a31c60000-0x0000025a31c60000), size 12976128, SharedBaseAddress: 0x0000025a31000000, ArchiveRelocationMode: 1.
Compressed class space mapped at: 0x0000025a32000000-0x0000025a72000000, reserved size: 1073741824
Narrow klass base: 0x0000025a31000000, Narrow klass shift: 0, Narrow klass range: 0x100000000

GC Precious Log:
 CardTable entry size: 512
 Card Set container configuration: InlinePtr #cards 5 size 8 Array Of Cards #cards 12 size 40 Howl #buckets 4 coarsen threshold 1843 Howl Bitmap #cards 512 size 80 coarsen threshold 460 Card regions per heap region 1 cards per card region 2048
 CPUs: 6 total, 6 available
 Memory: 7549M
 Large Page Support: Disabled
 NUMA Support: Disabled
 Compressed Oops: Enabled (32-bit)
 Heap Region Size: 1M
 Heap Min Capacity: 8M
 Heap Initial Capacity: 118M
 Heap Max Capacity: 1888M
 Pre-touch: Disabled
 Parallel Workers: 6
 Concurrent Workers: 2
 Concurrent Refinement Workers: 6
 Periodic GC: Disabled

Heap:
 garbage-first heap   total 120832K, used 22528K [0x000000008a000000, 0x0000000100000000)
  region size 1024K, 17 young (17408K), 0 survivors (0K)
 Metaspace       used 7353K, committed 7616K, reserved 1114112K
  class space    used 805K, committed 960K, reserved 1048576K

Heap Regions: E=young(eden), S=young(survivor), O=old, HS=humongous(starts), HC=humongous(continues), CS=collection set, F=free, OA=open archive, CA=closed archive, TAMS=top-at-mark-start, PB=parsable bottom
|   0|0x000000008a000000, 0x000000008a100000, 0x000000008a100000|100%|HS|  |TAMS 0x000000008a000000| PB 0x000000008a000000| Complete 
|   1|0x000000008a100000, 0x000000008a200000, 0x000000008a200000|100%|HC|  |TAMS 0x000000008a100000| PB 0x000000008a100000| Complete 
|   2|0x000000008a200000, 0x000000008a300000, 0x000000008a300000|100%|HC|  |TAMS 0x000000008a200000| PB 0x000000008a200000| Complete 
|   3|0x000000008a300000, 0x000000008a400000, 0x000000008a400000|100%|HC|  |TAMS 0x000000008a300000| PB 0x000000008a300000| Complete 
|   4|0x000000008a400000, 0x000000008a500000, 0x000000008a500000|100%|HC|  |TAMS 0x000000008a400000| PB 0x000000008a400000| Complete 
|   5|0x000000008a500000, 0x000000008a600000, 0x000000008a600000|100%|HC|  |TAMS 0x000000008a500000| PB 0x000000008a500000| Complete 
|   6|0x000000008a600000, 0x000000008a600000, 0x000000008a700000|  0%| F|  |TAMS 0x000000008a600000| PB 0x000000008a600000| Untracked 
|   7|0x000000008a700000, 0x000000008a700000, 0x000000008a800000|  0%| F|  |TAMS 0x000000008a700000| PB 0x000000008a700000| Untracked 
|   8|0x000000008a800000, 0x000000008a800000, 0x000000008a900000|  0%| F|  |TAMS 0x000000008a800000| PB 0x000000008a800000| Untracked 
|   9|0x000000008a900000, 0x000000008a900000, 0x000000008aa00000|  0%| F|  |TAMS 0x000000008a900000| PB 0x000000008a900000| Untracked 
|  10|0x000000008aa00000, 0x000000008aa00000, 0x000000008ab00000|  0%| F|  |TAMS 0x000000008aa00000| PB 0x000000008aa00000| Untracked 
|  11|0x000000008ab00000, 0x000000008ab00000, 0x000000008ac00000|  0%| F|  |TAMS 0x000000008ab00000| PB 0x000000008ab00000| Untracked 
|  12|0x000000008ac00000, 0x000000008ac00000, 0x000000008ad00000|  0%| F|  |TAMS 0x000000008ac00000| PB 0x000000008ac00000| Untracked 
|  13|0x000000008ad00000, 0x000000008ad00000, 0x000000008ae00000|  0%| F|  |TAMS 0x000000008ad00000| PB 0x000000008ad00000| Untracked 
|  14|0x000000008ae00000, 0x000000008ae00000, 0x000000008af00000|  0%| F|  |TAMS 0x000000008ae00000| PB 0x000000008ae00000| Untracked 
|  15|0x000000008af00000, 0x000000008af00000, 0x000000008b000000|  0%| F|  |TAMS 0x000000008af00000| PB 0x000000008af00000| Untracked 
|  16|0x000000008b000000, 0x000000008b000000, 0x000000008b100000|  0%| F|  |TAMS 0x000000008b000000| PB 0x000000008b000000| Untracked 
|  17|0x000000008b100000, 0x000000008b100000, 0x000000008b200000|  0%| F|  |TAMS 0x000000008b100000| PB 0x000000008b100000| Untracked 
|  18|0x000000008b200000, 0x000000008b200000, 0x000000008b300000|  0%| F|  |TAMS 0x000000008b200000| PB 0x000000008b200000| Untracked 
|  19|0x000000008b300000, 0x000000008b300000, 0x000000008b400000|  0%| F|  |TAMS 0x000000008b300000| PB 0x000000008b300000| Untracked 
|  20|0x000000008b400000, 0x000000008b400000, 0x000000008b500000|  0%| F|  |TAMS 0x000000008b400000| PB 0x000000008b400000| Untracked 
|  21|0x000000008b500000, 0x000000008b500000, 0x000000008b600000|  0%| F|  |TAMS 0x000000008b500000| PB 0x000000008b500000| Untracked 
|  22|0x000000008b600000, 0x000000008b600000, 0x000000008b700000|  0%| F|  |TAMS 0x000000008b600000| PB 0x000000008b600000| Untracked 
|  23|0x000000008b700000, 0x000000008b700000, 0x000000008b800000|  0%| F|  |TAMS 0x000000008b700000| PB 0x000000008b700000| Untracked 
|  24|0x000000008b800000, 0x000000008b800000, 0x000000008b900000|  0%| F|  |TAMS 0x000000008b800000| PB 0x000000008b800000| Untracked 
|  25|0x000000008b900000, 0x000000008b900000, 0x000000008ba00000|  0%| F|  |TAMS 0x000000008b900000| PB 0x000000008b900000| Untracked 
|  26|0x000000008ba00000, 0x000000008ba00000, 0x000000008bb00000|  0%| F|  |TAMS 0x000000008ba00000| PB 0x000000008ba00000| Untracked 
|  27|0x000000008bb00000, 0x000000008bb00000, 0x000000008bc00000|  0%| F|  |TAMS 0x000000008bb00000| PB 0x000000008bb00000| Untracked 
|  28|0x000000008bc00000, 0x000000008bc00000, 0x000000008bd00000|  0%| F|  |TAMS 0x000000008bc00000| PB 0x000000008bc00000| Untracked 
|  29|0x000000008bd00000, 0x000000008bd00000, 0x000000008be00000|  0%| F|  |TAMS 0x000000008bd00000| PB 0x000000008bd00000| Untracked 
|  30|0x000000008be00000, 0x000000008be00000, 0x000000008bf00000|  0%| F|  |TAMS 0x000000008be00000| PB 0x000000008be00000| Untracked 
|  31|0x000000008bf00000, 0x000000008bf00000, 0x000000008c000000|  0%| F|  |TAMS 0x000000008bf00000| PB 0x000000008bf00000| Untracked 
|  32|0x000000008c000000, 0x000000008c000000, 0x000000008c100000|  0%| F|  |TAMS 0x000000008c000000| PB 0x000000008c000000| Untracked 
|  33|0x000000008c100000, 0x000000008c100000, 0x000000008c200000|  0%| F|  |TAMS 0x000000008c100000| PB 0x000000008c100000| Untracked 
|  34|0x000000008c200000, 0x000000008c200000, 0x000000008c300000|  0%| F|  |TAMS 0x000000008c200000| PB 0x000000008c200000| Untracked 
|  35|0x000000008c300000, 0x000000008c300000, 0x000000008c400000|  0%| F|  |TAMS 0x000000008c300000| PB 0x000000008c300000| Untracked 
|  36|0x000000008c400000, 0x000000008c400000, 0x000000008c500000|  0%| F|  |TAMS 0x000000008c400000| PB 0x000000008c400000| Untracked 
|  37|0x000000008c500000, 0x000000008c500000, 0x000000008c600000|  0%| F|  |TAMS 0x000000008c500000| PB 0x000000008c500000| Untracked 
|  38|0x000000008c600000, 0x000000008c600000, 0x000000008c700000|  0%| F|  |TAMS 0x000000008c600000| PB 0x000000008c600000| Untracked 
|  39|0x000000008c700000, 0x000000008c700000, 0x000000008c800000|  0%| F|  |TAMS 0x000000008c700000| PB 0x000000008c700000| Untracked 
|  40|0x000000008c800000, 0x000000008c800000, 0x000000008c900000|  0%| F|  |TAMS 0x000000008c800000| PB 0x000000008c800000| Untracked 
|  41|0x000000008c900000, 0x000000008c900000, 0x000000008ca00000|  0%| F|  |TAMS 0x000000008c900000| PB 0x000000008c900000| Untracked 
|  42|0x000000008ca00000, 0x000000008ca00000, 0x000000008cb00000|  0%| F|  |TAMS 0x000000008ca00000| PB 0x000000008ca00000| Untracked 
|  43|0x000000008cb00000, 0x000000008cb00000, 0x000000008cc00000|  0%| F|  |TAMS 0x000000008cb00000| PB 0x000000008cb00000| Untracked 
|  44|0x000000008cc00000, 0x000000008cc00000, 0x000000008cd00000|  0%| F|  |TAMS 0x000000008cc00000| PB 0x000000008cc00000| Untracked 
|  45|0x000000008cd00000, 0x000000008cd00000, 0x000000008ce00000|  0%| F|  |TAMS 0x000000008cd00000| PB 0x000000008cd00000| Untracked 
|  46|0x000000008ce00000, 0x000000008ce00000, 0x000000008cf00000|  0%| F|  |TAMS 0x000000008ce00000| PB 0x000000008ce00000| Untracked 
|  47|0x000000008cf00000, 0x000000008cf00000, 0x000000008d000000|  0%| F|  |TAMS 0x000000008cf00000| PB 0x000000008cf00000| Untracked 
|  48|0x000000008d000000, 0x000000008d000000, 0x000000008d100000|  0%| F|  |TAMS 0x000000008d000000| PB 0x000000008d000000| Untracked 
|  49|0x000000008d100000, 0x000000008d100000, 0x000000008d200000|  0%| F|  |TAMS 0x000000008d100000| PB 0x000000008d100000| Untracked 
|  50|0x000000008d200000, 0x000000008d200000, 0x000000008d300000|  0%| F|  |TAMS 0x000000008d200000| PB 0x000000008d200000| Untracked 
|  51|0x000000008d300000, 0x000000008d300000, 0x000000008d400000|  0%| F|  |TAMS 0x000000008d300000| PB 0x000000008d300000| Untracked 
|  52|0x000000008d400000, 0x000000008d400000, 0x000000008d500000|  0%| F|  |TAMS 0x000000008d400000| PB 0x000000008d400000| Untracked 
|  53|0x000000008d500000, 0x000000008d500000, 0x000000008d600000|  0%| F|  |TAMS 0x000000008d500000| PB 0x000000008d500000| Untracked 
|  54|0x000000008d600000, 0x000000008d600000, 0x000000008d700000|  0%| F|  |TAMS 0x000000008d600000| PB 0x000000008d600000| Untracked 
|  55|0x000000008d700000, 0x000000008d700000, 0x000000008d800000|  0%| F|  |TAMS 0x000000008d700000| PB 0x000000008d700000| Untracked 
|  56|0x000000008d800000, 0x000000008d800000, 0x000000008d900000|  0%| F|  |TAMS 0x000000008d800000| PB 0x000000008d800000| Untracked 
|  57|0x000000008d900000, 0x000000008d900000, 0x000000008da00000|  0%| F|  |TAMS 0x000000008d900000| PB 0x000000008d900000| Untracked 
|  58|0x000000008da00000, 0x000000008da00000, 0x000000008db00000|  0%| F|  |TAMS 0x000000008da00000| PB 0x000000008da00000| Untracked 
|  59|0x000000008db00000, 0x000000008db00000, 0x000000008dc00000|  0%| F|  |TAMS 0x000000008db00000| PB 0x000000008db00000| Untracked 
|  60|0x000000008dc00000, 0x000000008dc00000, 0x000000008dd00000|  0%| F|  |TAMS 0x000000008dc00000| PB 0x000000008dc00000| Untracked 
|  61|0x000000008dd00000, 0x000000008dd00000, 0x000000008de00000|  0%| F|  |TAMS 0x000000008dd00000| PB 0x000000008dd00000| Untracked 
|  62|0x000000008de00000, 0x000000008de00000, 0x000000008df00000|  0%| F|  |TAMS 0x000000008de00000| PB 0x000000008de00000| Untracked 
|  63|0x000000008df00000, 0x000000008df00000, 0x000000008e000000|  0%| F|  |TAMS 0x000000008df00000| PB 0x000000008df00000| Untracked 
|  64|0x000000008e000000, 0x000000008e000000, 0x000000008e100000|  0%| F|  |TAMS 0x000000008e000000| PB 0x000000008e000000| Untracked 
|  65|0x000000008e100000, 0x000000008e100000, 0x000000008e200000|  0%| F|  |TAMS 0x000000008e100000| PB 0x000000008e100000| Untracked 
|  66|0x000000008e200000, 0x000000008e200000, 0x000000008e300000|  0%| F|  |TAMS 0x000000008e200000| PB 0x000000008e200000| Untracked 
|  67|0x000000008e300000, 0x000000008e300000, 0x000000008e400000|  0%| F|  |TAMS 0x000000008e300000| PB 0x000000008e300000| Untracked 
|  68|0x000000008e400000, 0x000000008e400000, 0x000000008e500000|  0%| F|  |TAMS 0x000000008e400000| PB 0x000000008e400000| Untracked 
|  69|0x000000008e500000, 0x000000008e500000, 0x000000008e600000|  0%| F|  |TAMS 0x000000008e500000| PB 0x000000008e500000| Untracked 
|  70|0x000000008e600000, 0x000000008e600000, 0x000000008e700000|  0%| F|  |TAMS 0x000000008e600000| PB 0x000000008e600000| Untracked 
|  71|0x000000008e700000, 0x000000008e700000, 0x000000008e800000|  0%| F|  |TAMS 0x000000008e700000| PB 0x000000008e700000| Untracked 
|  72|0x000000008e800000, 0x000000008e800000, 0x000000008e900000|  0%| F|  |TAMS 0x000000008e800000| PB 0x000000008e800000| Untracked 
|  73|0x000000008e900000, 0x000000008e900000, 0x000000008ea00000|  0%| F|  |TAMS 0x000000008e900000| PB 0x000000008e900000| Untracked 
|  74|0x000000008ea00000, 0x000000008ea00000, 0x000000008eb00000|  0%| F|  |TAMS 0x000000008ea00000| PB 0x000000008ea00000| Untracked 
|  75|0x000000008eb00000, 0x000000008eb00000, 0x000000008ec00000|  0%| F|  |TAMS 0x000000008eb00000| PB 0x000000008eb00000| Untracked 
|  76|0x000000008ec00000, 0x000000008ec00000, 0x000000008ed00000|  0%| F|  |TAMS 0x000000008ec00000| PB 0x000000008ec00000| Untracked 
|  77|0x000000008ed00000, 0x000000008ed00000, 0x000000008ee00000|  0%| F|  |TAMS 0x000000008ed00000| PB 0x000000008ed00000| Untracked 
|  78|0x000000008ee00000, 0x000000008ee00000, 0x000000008ef00000|  0%| F|  |TAMS 0x000000008ee00000| PB 0x000000008ee00000| Untracked 
|  79|0x000000008ef00000, 0x000000008ef00000, 0x000000008f000000|  0%| F|  |TAMS 0x000000008ef00000| PB 0x000000008ef00000| Untracked 
|  80|0x000000008f000000, 0x000000008f000000, 0x000000008f100000|  0%| F|  |TAMS 0x000000008f000000| PB 0x000000008f000000| Untracked 
|  81|0x000000008f100000, 0x000000008f100000, 0x000000008f200000|  0%| F|  |TAMS 0x000000008f100000| PB 0x000000008f100000| Untracked 
|  82|0x000000008f200000, 0x000000008f200000, 0x000000008f300000|  0%| F|  |TAMS 0x000000008f200000| PB 0x000000008f200000| Untracked 
|  83|0x000000008f300000, 0x000000008f300000, 0x000000008f400000|  0%| F|  |TAMS 0x000000008f300000| PB 0x000000008f300000| Untracked 
|  84|0x000000008f400000, 0x000000008f400000, 0x000000008f500000|  0%| F|  |TAMS 0x000000008f400000| PB 0x000000008f400000| Untracked 
|  85|0x000000008f500000, 0x000000008f500000, 0x000000008f600000|  0%| F|  |TAMS 0x000000008f500000| PB 0x000000008f500000| Untracked 
|  86|0x000000008f600000, 0x000000008f600000, 0x000000008f700000|  0%| F|  |TAMS 0x000000008f600000| PB 0x000000008f600000| Untracked 
|  87|0x000000008f700000, 0x000000008f700000, 0x000000008f800000|  0%| F|  |TAMS 0x000000008f700000| PB 0x000000008f700000| Untracked 
|  88|0x000000008f800000, 0x000000008f800000, 0x000000008f900000|  0%| F|  |TAMS 0x000000008f800000| PB 0x000000008f800000| Untracked 
|  89|0x000000008f900000, 0x000000008f900000, 0x000000008fa00000|  0%| F|  |TAMS 0x000000008f900000| PB 0x000000008f900000| Untracked 
|  90|0x000000008fa00000, 0x000000008fa00000, 0x000000008fb00000|  0%| F|  |TAMS 0x000000008fa00000| PB 0x000000008fa00000| Untracked 
|  91|0x000000008fb00000, 0x000000008fb00000, 0x000000008fc00000|  0%| F|  |TAMS 0x000000008fb00000| PB 0x000000008fb00000| Untracked 
|  92|0x000000008fc00000, 0x000000008fc00000, 0x000000008fd00000|  0%| F|  |TAMS 0x000000008fc00000| PB 0x000000008fc00000| Untracked 
|  93|0x000000008fd00000, 0x000000008fd00000, 0x000000008fe00000|  0%| F|  |TAMS 0x000000008fd00000| PB 0x000000008fd00000| Untracked 
|  94|0x000000008fe00000, 0x000000008fe00000, 0x000000008ff00000|  0%| F|  |TAMS 0x000000008fe00000| PB 0x000000008fe00000| Untracked 
|  95|0x000000008ff00000, 0x000000008ff00000, 0x0000000090000000|  0%| F|  |TAMS 0x000000008ff00000| PB 0x000000008ff00000| Untracked 
|  96|0x0000000090000000, 0x0000000090000000, 0x0000000090100000|  0%| F|  |TAMS 0x0000000090000000| PB 0x0000000090000000| Untracked 
|  97|0x0000000090100000, 0x0000000090100000, 0x0000000090200000|  0%| F|  |TAMS 0x0000000090100000| PB 0x0000000090100000| Untracked 
|  98|0x0000000090200000, 0x0000000090200000, 0x0000000090300000|  0%| F|  |TAMS 0x0000000090200000| PB 0x0000000090200000| Untracked 
|  99|0x0000000090300000, 0x0000000090300000, 0x0000000090400000|  0%| F|  |TAMS 0x0000000090300000| PB 0x0000000090300000| Untracked 
| 100|0x0000000090400000, 0x0000000090400000, 0x0000000090500000|  0%| F|  |TAMS 0x0000000090400000| PB 0x0000000090400000| Untracked 
| 101|0x0000000090500000, 0x000000009056c0c8, 0x0000000090600000| 42%| E|  |TAMS 0x0000000090500000| PB 0x0000000090500000| Complete 
| 102|0x0000000090600000, 0x0000000090700000, 0x0000000090700000|100%| E|CS|TAMS 0x0000000090600000| PB 0x0000000090600000| Complete 
| 103|0x0000000090700000, 0x0000000090800000, 0x0000000090800000|100%| E|CS|TAMS 0x0000000090700000| PB 0x0000000090700000| Complete 
| 104|0x0000000090800000, 0x0000000090900000, 0x0000000090900000|100%| E|CS|TAMS 0x0000000090800000| PB 0x0000000090800000| Complete 
| 105|0x0000000090900000, 0x0000000090a00000, 0x0000000090a00000|100%| E|CS|TAMS 0x0000000090900000| PB 0x0000000090900000| Complete 
| 106|0x0000000090a00000, 0x0000000090b00000, 0x0000000090b00000|100%| E|CS|TAMS 0x0000000090a00000| PB 0x0000000090a00000| Complete 
| 107|0x0000000090b00000, 0x0000000090c00000, 0x0000000090c00000|100%| E|CS|TAMS 0x0000000090b00000| PB 0x0000000090b00000| Complete 
| 108|0x0000000090c00000, 0x0000000090d00000, 0x0000000090d00000|100%| E|CS|TAMS 0x0000000090c00000| PB 0x0000000090c00000| Complete 
| 109|0x0000000090d00000, 0x0000000090e00000, 0x0000000090e00000|100%| E|CS|TAMS 0x0000000090d00000| PB 0x0000000090d00000| Complete 
| 110|0x0000000090e00000, 0x0000000090f00000, 0x0000000090f00000|100%| E|CS|TAMS 0x0000000090e00000| PB 0x0000000090e00000| Complete 
| 111|0x0000000090f00000, 0x0000000091000000, 0x0000000091000000|100%| E|CS|TAMS 0x0000000090f00000| PB 0x0000000090f00000| Complete 
| 112|0x0000000091000000, 0x0000000091100000, 0x0000000091100000|100%| E|CS|TAMS 0x0000000091000000| PB 0x0000000091000000| Complete 
| 113|0x0000000091100000, 0x0000000091200000, 0x0000000091200000|100%| E|CS|TAMS 0x0000000091100000| PB 0x0000000091100000| Complete 
| 114|0x0000000091200000, 0x0000000091300000, 0x0000000091300000|100%| E|CS|TAMS 0x0000000091200000| PB 0x0000000091200000| Complete 
| 115|0x0000000091300000, 0x0000000091400000, 0x0000000091400000|100%| E|CS|TAMS 0x0000000091300000| PB 0x0000000091300000| Complete 
| 116|0x0000000091400000, 0x0000000091500000, 0x0000000091500000|100%| E|CS|TAMS 0x0000000091400000| PB 0x0000000091400000| Complete 
| 117|0x0000000091500000, 0x0000000091600000, 0x0000000091600000|100%| E|CS|TAMS 0x0000000091500000| PB 0x0000000091500000| Complete 

Card table byte_map: [0x0000025a2c170000,0x0000025a2c520000] _byte_map_base: 0x0000025a2bd20000

Marking Bits: (CMBitMap*) 0x0000025a14c37390
 Bits: [0x0000025a2c8d0000, 0x0000025a2e650000)

Polling page: 0x0000025a12b60000

Metaspace:

Usage:
  Non-class:      6.40 MB used.
      Class:    805.76 KB used.
       Both:      7.18 MB used.

Virtual space:
  Non-class space:       64.00 MB reserved,       6.50 MB ( 10%) committed,  1 nodes.
      Class space:        1.00 GB reserved,     960.00 KB ( <1%) committed,  1 nodes.
             Both:        1.06 GB reserved,       7.44 MB ( <1%) committed. 

Chunk freelists:
   Non-Class:  1.00 MB
       Class:  3.11 MB
        Both:  4.11 MB

MaxMetaspaceSize: unlimited
CompressedClassSpaceSize: 1.00 GB
Initial GC threshold: 21.00 MB
Current GC threshold: 21.00 MB
CDS: on
MetaspaceReclaimPolicy: balanced
 - commit_granule_bytes: 65536.
 - commit_granule_words: 8192.
 - virtual_space_node_default_size: 8388608.
 - enlarge_chunks_in_place: 1.
 - new_chunks_are_fully_committed: 0.
 - uncommit_free_chunks: 1.
 - use_allocation_guard: 0.


Internal statistics:

num_allocs_failed_limit: 0.
num_arena_births: 140.
num_arena_deaths: 0.
num_vsnodes_births: 2.
num_vsnodes_deaths: 0.
num_space_committed: 119.
num_space_uncommitted: 0.
num_chunks_returned_to_freelist: 0.
num_chunks_taken_from_freelist: 179.
num_chunk_merges: 0.
num_chunk_splits: 103.
num_chunks_enlarged: 38.
num_inconsistent_stats: 0.

CodeHeap 'non-profiled nmethods': size=120000Kb used=292Kb max_used=292Kb free=119708Kb
 bounds [0x0000025a24780000, 0x0000025a249f0000, 0x0000025a2bcb0000]
CodeHeap 'profiled nmethods': size=120000Kb used=1652Kb max_used=1652Kb free=118347Kb
 bounds [0x0000025a1ccb0000, 0x0000025a1cf20000, 0x0000025a241e0000]
CodeHeap 'non-nmethods': size=5760Kb used=1582Kb max_used=1596Kb free=4177Kb
 bounds [0x0000025a241e0000, 0x0000025a24450000, 0x0000025a24780000]
 total_blobs=1647 nmethods=1052 adapters=506
 compilation: enabled
              stopped_count=0, restarted_count=0
 full_count=0

Compilation events (20 events):
Event: 1.021 Thread 0x0000025a30e831c0 1035       3       java.lang.StringUTF16::hashCode (33 bytes)
Event: 1.021 Thread 0x0000025a30e831c0 nmethod 1035 0x0000025a1ce46a90 code [0x0000025a1ce46c20, 0x0000025a1ce46dd8]
Event: 1.021 Thread 0x0000025a30e831c0 1032       3       java.lang.StringUTF16::toBytes (34 bytes)
Event: 1.021 Thread 0x0000025a30e76a30 nmethod 1034 0x0000025a247c6a90 code [0x0000025a247c6c00, 0x0000025a247c6cb0]
Event: 1.021 Thread 0x0000025a30e76a30 1036       4       java.nio.ByteBuffer::limit (8 bytes)
Event: 1.021 Thread 0x0000025a30e831c0 nmethod 1032 0x0000025a1ce46f10 code [0x0000025a1ce470c0, 0x0000025a1ce472d8]
Event: 1.022 Thread 0x0000025a30e76a30 nmethod 1036 0x0000025a247c6d90 code [0x0000025a247c6f00, 0x0000025a247c7008]
Event: 1.022 Thread 0x0000025a30e76a30 1037   !   4       sun.font.TrueTypeFont::getTableBuffer (208 bytes)
Event: 1.026 Thread 0x0000025a30e831c0 1039       3       java.util.HashMap::prepareArray (38 bytes)
Event: 1.027 Thread 0x0000025a30e831c0 nmethod 1039 0x0000025a1ce47410 code [0x0000025a1ce47600, 0x0000025a1ce47c08]
Event: 1.027 Thread 0x0000025a30e831c0 1040       3       java.util.HashSet::toArray (16 bytes)
Event: 1.027 Thread 0x0000025a30e831c0 nmethod 1040 0x0000025a1ce47e10 code [0x0000025a1ce47fc0, 0x0000025a1ce481d0]
Event: 1.035 Thread 0x0000025a30e831c0 1041       3       java.lang.StringUTF16::newBytesFor (61 bytes)
Event: 1.036 Thread 0x0000025a30e831c0 nmethod 1041 0x0000025a1ce48290 code [0x0000025a1ce484e0, 0x0000025a1ce48ce8]
Event: 1.050 Thread 0x0000025a30e831c0 1043   !   3       sun.font.TrueTypeFont::getAllFullNames (30 bytes)
Event: 1.051 Thread 0x0000025a30e831c0 nmethod 1043 0x0000025a1ce49010 code [0x0000025a1ce49220, 0x0000025a1ce49af8]
Event: 1.051 Thread 0x0000025a30e831c0 1045  s    3       sun.font.FontFamily::addLocaleNames (45 bytes)
Event: 1.052 Thread 0x0000025a30e831c0 nmethod 1045 0x0000025a1ce49d90 code [0x0000025a1ce49fa0, 0x0000025a1ce4a830]
Event: 1.052 Thread 0x0000025a30e831c0 1044   !   3       sun.font.TrueTypeFont::getAllFamilyNames (30 bytes)
Event: 1.052 Thread 0x0000025a30e831c0 nmethod 1044 0x0000025a1ce4ab10 code [0x0000025a1ce4ad20, 0x0000025a1ce4b5f8]

GC Heap History (0 events):
No events

Dll operation events (9 events):
Event: 0.025 Loaded shared library C:\Program Files\Java\jdk-20\bin\java.dll
Event: 0.061 Loaded shared library C:\Program Files\Java\jdk-20\bin\jsvml.dll
Event: 0.133 Loaded shared library C:\Program Files\Java\jdk-20\bin\net.dll
Event: 0.135 Loaded shared library C:\Program Files\Java\jdk-20\bin\nio.dll
Event: 0.167 Loaded shared library C:\Program Files\Java\jdk-20\bin\zip.dll
Event: 0.184 Loaded shared library C:\Program Files\Java\jdk-20\bin\jimage.dll
Event: 0.206 Loaded shared library C:\Program Files\Java\jdk-20\bin\awt.dll
Event: 0.556 Loaded shared library C:\Program Files\Java\jdk-20\bin\freetype.dll
Event: 0.558 Loaded shared library C:\Program Files\Java\jdk-20\bin\fontmanager.dll

Deoptimization events (20 events):
Event: 0.594 Thread 0x0000025a14bd8b30 DEOPT PACKING pc=0x0000025a247aad6c sp=0x000000c1d48fe270
Event: 0.594 Thread 0x0000025a14bd8b30 DEOPT UNPACKING pc=0x0000025a24249d22 sp=0x000000c1d48fe1f0 mode 2
Event: 0.774 Thread 0x0000025a30e4d300 Uncommon trap: trap_request=0xffffff45 fr.pc=0x0000025a247b43a4 relative=0x0000000000000464
Event: 0.774 Thread 0x0000025a30e4d300 Uncommon trap: reason=unstable_if action=reinterpret pc=0x0000025a247b43a4 method=java.lang.StringLatin1.toLowerCase(Ljava/lang/String;[BLjava/util/Locale;)Ljava/lang/String; @ 43 c2
Event: 0.774 Thread 0x0000025a30e4d300 DEOPT PACKING pc=0x0000025a247b43a4 sp=0x000000c1d5afd1e0
Event: 0.774 Thread 0x0000025a30e4d300 DEOPT UNPACKING pc=0x0000025a24249d22 sp=0x000000c1d5afd150 mode 2
Event: 0.793 Thread 0x0000025a30e4d300 DEOPT PACKING pc=0x0000025a1cda66ea sp=0x000000c1d5afd190
Event: 0.794 Thread 0x0000025a30e4d300 DEOPT UNPACKING pc=0x0000025a2424a4c2 sp=0x000000c1d5afc618 mode 0
Event: 0.865 Thread 0x0000025a30e4d300 DEOPT PACKING pc=0x0000025a1ccc7c57 sp=0x000000c1d5afce40
Event: 0.865 Thread 0x0000025a30e4d300 DEOPT UNPACKING pc=0x0000025a2424a4c2 sp=0x000000c1d5afc260 mode 0
Event: 0.937 Thread 0x0000025a30e4d300 DEOPT PACKING pc=0x0000025a1ccb89c1 sp=0x000000c1d5afc780
Event: 0.937 Thread 0x0000025a30e4d300 DEOPT UNPACKING pc=0x0000025a2424a4c2 sp=0x000000c1d5afbbf8 mode 0
Event: 1.001 Thread 0x0000025a30e4d300 Uncommon trap: trap_request=0xffffff45 fr.pc=0x0000025a2478a120 relative=0x00000000000000a0
Event: 1.001 Thread 0x0000025a30e4d300 Uncommon trap: reason=unstable_if action=reinterpret pc=0x0000025a2478a120 method=java.lang.String.isLatin1()Z @ 10 c2
Event: 1.001 Thread 0x0000025a30e4d300 DEOPT PACKING pc=0x0000025a2478a120 sp=0x000000c1d5afcff0
Event: 1.001 Thread 0x0000025a30e4d300 DEOPT UNPACKING pc=0x0000025a24249d22 sp=0x000000c1d5afcf20 mode 2
Event: 1.017 Thread 0x0000025a30e4d300 Uncommon trap: trap_request=0xffffff45 fr.pc=0x0000025a247c502c relative=0x000000000000038c
Event: 1.018 Thread 0x0000025a30e4d300 Uncommon trap: reason=unstable_if action=reinterpret pc=0x0000025a247c502c method=java.lang.Character.isSurrogate(C)Z @ 3 c2
Event: 1.018 Thread 0x0000025a30e4d300 DEOPT PACKING pc=0x0000025a247c502c sp=0x000000c1d5afcce0
Event: 1.018 Thread 0x0000025a30e4d300 DEOPT UNPACKING pc=0x0000025a24249d22 sp=0x000000c1d5afcbe8 mode 2

Classes loaded (20 events):
Event: 0.770 Loading class java/nio/ShortBuffer done
Event: 0.770 Loading class java/nio/ByteBufferAsShortBufferB done
Event: 0.771 Loading class sun/nio/cs/UTF_16$Decoder
Event: 0.771 Loading class sun/nio/cs/UnicodeDecoder
Event: 0.771 Loading class sun/nio/cs/UnicodeDecoder done
Event: 0.771 Loading class sun/nio/cs/UTF_16$Decoder done
Event: 0.776 Loading class sun/font/SunFontManager$3
Event: 0.776 Loading class sun/font/SunFontManager$3 done
Event: 0.786 Loading class jdk/internal/foreign/MemorySessionImpl
Event: 0.786 Loading class java/lang/foreign/SegmentScope
Event: 0.786 Loading class java/lang/foreign/SegmentScope done
Event: 0.786 Loading class java/lang/foreign/SegmentAllocator
Event: 0.786 Loading class java/lang/foreign/SegmentAllocator done
Event: 0.787 Loading class jdk/internal/foreign/MemorySessionImpl done
Event: 0.809 Loading class sun/font/SunFontManager$8
Event: 0.809 Loading class sun/font/SunFontManager$8 done
Event: 0.820 Loading class sun/font/SunFontManager$9
Event: 0.820 Loading class sun/font/SunFontManager$9 done
Event: 1.002 Loading class java/lang/foreign/MemorySegment
Event: 1.003 Loading class java/lang/foreign/MemorySegment done

Classes unloaded (0 events):
No events

Classes redefined (0 events):
No events

Internal exceptions (14 events):
Event: 0.137 Thread 0x0000025a14bd8b30 Exception <a 'sun/nio/fs/WindowsException'{0x000000009144eb28}> (0x000000009144eb28) 
thrown [s\open\src\hotspot\share\prims\jni.cpp, line 519]
Event: 0.139 Thread 0x0000025a14bd8b30 Exception <a 'sun/nio/fs/WindowsException'{0x0000000091451040}> (0x0000000091451040) 
thrown [s\open\src\hotspot\share\prims\jni.cpp, line 519]
Event: 0.140 Thread 0x0000025a14bd8b30 Exception <a 'sun/nio/fs/WindowsException'{0x0000000091451b70}> (0x0000000091451b70) 
thrown [s\open\src\hotspot\share\prims\jni.cpp, line 519]
Event: 0.191 Thread 0x0000025a14bd8b30 Exception <a 'java/lang/ClassNotFoundException'{0x00000000913a87f8}: sun/awt/resources/spi/awtProvider> (0x00000000913a87f8) 
thrown [s\open\src\hotspot\share\classfile\systemDictionary.cpp, line 305]
Event: 0.223 Thread 0x0000025a14bd8b30 Exception <a 'java/io/FileNotFoundException'{0x00000000913ff038}> (0x00000000913ff038) 
thrown [s\open\src\hotspot\share\prims\jni.cpp, line 519]
Event: 0.233 Thread 0x0000025a14bd8b30 Exception <a 'java/io/FileNotFoundException'{0x0000000091229618}> (0x0000000091229618) 
thrown [s\open\src\hotspot\share\prims\jni.cpp, line 519]
Event: 0.401 Thread 0x0000025a14bd8b30 Exception <a 'java/lang/NoSuchMethodError'{0x00000000912be198}: 'void java.lang.invoke.DirectMethodHandle$Holder.invokeSpecial(java.lang.Object, java.lang.Object, java.lang.Object)'> (0x00000000912be198) 
thrown [s\open\src\hotspot\share\interpreter\linkResolver.cpp, line 773]
Event: 0.414 Thread 0x0000025a14bd8b30 Exception <a 'java/lang/NoSuchMethodError'{0x000000009117d318}: 'java.lang.Object java.lang.invoke.DirectMethodHandle$Holder.newInvokeSpecial(java.lang.Object, java.lang.Object, java.lang.Object, java.lang.Object, java.lang.Object)'> (0x000000009117d318) 
thrown [s\open\src\hotspot\share\interpreter\linkResolver.cpp, line 773]
Event: 0.423 Thread 0x0000025a14bd8b30 Exception <a 'java/lang/NoSuchMethodError'{0x00000000911adbc0}: 'java.lang.Object java.lang.invoke.DirectMethodHandle$Holder.invokeStatic(java.lang.Object, int, java.lang.Object)'> (0x00000000911adbc0) 
thrown [s\open\src\hotspot\share\interpreter\linkResolver.cpp, line 773]
Event: 0.462 Thread 0x0000025a14bd8b30 Exception <a 'java/lang/ClassNotFoundException'{0x0000000091069308}: com/sun/swing/internal/plaf/metal/resources/spi/metalProvider> (0x0000000091069308) 
thrown [s\open\src\hotspot\share\classfile\systemDictionary.cpp, line 305]
Event: 0.463 Thread 0x0000025a14bd8b30 Exception <a 'java/lang/ClassNotFoundException'{0x000000009106d4b8}: com/sun/swing/internal/plaf/basic/resources/spi/basicProvider> (0x000000009106d4b8) 
thrown [s\open\src\hotspot\share\classfile\systemDictionary.cpp, line 305]
Event: 0.479 Thread 0x0000025a14bd8b30 Exception <a 'java/lang/NoSuchMethodError'{0x000000009108c688}: 'int java.lang.invoke.Invokers$Holder.invokeExact_MT(java.lang.Object, java.lang.Object)'> (0x000000009108c688) 
thrown [s\open\src\hotspot\share\interpreter\linkResolver.cpp, line 773]
Event: 0.525 Thread 0x0000025a30e4b320 Exception <a 'java/lang/NoSuchMethodError'{0x000000009110f7b0}: 'void java.lang.invoke.DirectMethodHandle$Holder.invokeVirtual(java.lang.Object, java.lang.Object)'> (0x000000009110f7b0) 
thrown [s\open\src\hotspot\share\interpreter\linkResolver.cpp, line 773]
Event: 0.551 Thread 0x0000025a14bd8b30 Exception <a 'java/lang/NoSuchMethodError'{0x00000000910d6000}: 'void java.lang.invoke.DirectMethodHandle$Holder.invokeStaticInit(java.lang.Object)'> (0x00000000910d6000) 
thrown [s\open\src\hotspot\share\interpreter\linkResolver.cpp, line 773]

VM Operations (4 events):
Event: 0.142 Executing VM operation: HandshakeAllThreads
Event: 0.142 Executing VM operation: HandshakeAllThreads done
Event: 0.507 Executing VM operation: HandshakeAllThreads
Event: 0.507 Executing VM operation: HandshakeAllThreads done

Events (19 events):
Event: 0.062 Thread 0x0000025a14bd8b30 Thread added: 0x0000025a14bd8b30
Event: 0.079 Thread 0x0000025a30e434e0 Thread added: 0x0000025a30e434e0
Event: 0.080 Thread 0x0000025a30e440e0 Thread added: 0x0000025a30e440e0
Event: 0.080 Thread 0x0000025a30e4a730 Thread added: 0x0000025a30e4a730
Event: 0.080 Thread 0x0000025a30e4c310 Thread added: 0x0000025a30e4c310
Event: 0.080 Thread 0x0000025a30e4d850 Thread added: 0x0000025a30e4d850
Event: 0.080 Thread 0x0000025a30e4dda0 Thread added: 0x0000025a30e4dda0
Event: 0.080 Thread 0x0000025a30e76a30 Thread added: 0x0000025a30e76a30
Event: 0.081 Thread 0x0000025a30e831c0 Thread added: 0x0000025a30e831c0
Event: 0.116 Thread 0x0000025a30e4c860 Thread added: 0x0000025a30e4c860
Event: 0.158 Thread 0x0000025a30e4e2f0 Thread added: 0x0000025a30e4e2f0
Event: 0.163 Thread 0x0000025a30e815f0 Thread added: 0x0000025a30e815f0
Event: 0.288 Thread 0x0000025a30e4e840 Thread added: 0x0000025a30e4e840
Event: 0.290 Thread 0x0000025a30e4b870 Thread added: 0x0000025a30e4b870
Event: 0.293 Thread 0x0000025a30e4b320 Thread added: 0x0000025a30e4b320
Event: 0.368 Thread 0x0000025a30e815f0 Thread exited: 0x0000025a30e815f0
Event: 0.528 Thread 0x0000025a30e4d300 Thread added: 0x0000025a30e4d300
Event: 0.692 Thread 0x0000025a14bd8b30 Thread exited: 0x0000025a14bd8b30
Event: 0.693 Thread 0x0000025a30e4cdb0 Thread added: 0x0000025a30e4cdb0


Dynamic libraries:
0x00007ff6417b0000 - 0x00007ff6417c0000 	C:\Program Files\Java\jdk-20\bin\java.exe
0x00007fff920d0000 - 0x00007fff922e7000 	C:\WINDOWS\SYSTEM32\ntdll.dll
0x00007fff911c0000 - 0x00007fff91284000 	C:\WINDOWS\System32\KERNEL32.DLL
0x00007fff8f840000 - 0x00007fff8fbe6000 	C:\WINDOWS\System32\KERNELBASE.dll
0x00007fff8f440000 - 0x00007fff8f551000 	C:\WINDOWS\System32\ucrtbase.dll
0x00007fff887c0000 - 0x00007fff887d9000 	C:\Program Files\Java\jdk-20\bin\jli.dll
0x00007fff91fd0000 - 0x00007fff92081000 	C:\WINDOWS\System32\ADVAPI32.dll
0x00007fff7e330000 - 0x00007fff7e34b000 	C:\Program Files\Java\jdk-20\bin\VCRUNTIME140.dll
0x00007fff91ec0000 - 0x00007fff91f67000 	C:\WINDOWS\System32\msvcrt.dll
0x00007fff91700000 - 0x00007fff917a5000 	C:\WINDOWS\System32\sechost.dll
0x00007fff91290000 - 0x00007fff913a7000 	C:\WINDOWS\System32\RPCRT4.dll
0x00007fff91c60000 - 0x00007fff91e0e000 	C:\WINDOWS\System32\USER32.dll
0x00007fff8f680000 - 0x00007fff8f6a6000 	C:\WINDOWS\System32\win32u.dll
0x00007fff904a0000 - 0x00007fff904c9000 	C:\WINDOWS\System32\GDI32.dll
0x00007fff8f560000 - 0x00007fff8f678000 	C:\WINDOWS\System32\gdi32full.dll
0x00007fff7c3d0000 - 0x00007fff7c663000 	C:\WINDOWS\WinSxS\amd64_microsoft.windows.common-controls_6595b64144ccf1df_6.0.22621.2506_none_270c5ae97388e100\COMCTL32.dll
0x00007fff8f6b0000 - 0x00007fff8f74a000 	C:\WINDOWS\System32\msvcp_win.dll
0x00007fff886f0000 - 0x00007fff886fa000 	C:\WINDOWS\SYSTEM32\VERSION.dll
0x00007fff91c20000 - 0x00007fff91c51000 	C:\WINDOWS\System32\IMM32.DLL
0x00007fff89d80000 - 0x00007fff89d8c000 	C:\Program Files\Java\jdk-20\bin\vcruntime140_1.dll
0x00007fff724e0000 - 0x00007fff7256e000 	C:\Program Files\Java\jdk-20\bin\msvcp140.dll
0x00007fff1bc20000 - 0x00007fff1c8b8000 	C:\Program Files\Java\jdk-20\bin\server\jvm.dll
0x00007fff7e310000 - 0x00007fff7e319000 	C:\WINDOWS\SYSTEM32\WSOCK32.dll
0x00007fff87050000 - 0x00007fff87084000 	C:\WINDOWS\SYSTEM32\WINMM.dll
0x00007fff91440000 - 0x00007fff914b1000 	C:\WINDOWS\System32\WS2_32.dll
0x00007fff8e440000 - 0x00007fff8e458000 	C:\WINDOWS\SYSTEM32\kernel.appcore.dll
0x00007fff837c0000 - 0x00007fff837ca000 	C:\Program Files\Java\jdk-20\bin\jimage.dll
0x00007fff82c30000 - 0x00007fff82e63000 	C:\WINDOWS\SYSTEM32\DBGHELP.DLL
0x00007fff904d0000 - 0x00007fff90859000 	C:\WINDOWS\System32\combase.dll
0x00007fff914c0000 - 0x00007fff91597000 	C:\WINDOWS\System32\OLEAUT32.dll
0x00007fff79910000 - 0x00007fff79942000 	C:\WINDOWS\SYSTEM32\dbgcore.DLL
0x00007fff8f750000 - 0x00007fff8f7ca000 	C:\WINDOWS\System32\bcryptPrimitives.dll
0x00007fff7bd90000 - 0x00007fff7bdb6000 	C:\Program Files\Java\jdk-20\bin\java.dll
0x00007fff53fa0000 - 0x00007fff54077000 	C:\Program Files\Java\jdk-20\bin\jsvml.dll
0x00007fff90860000 - 0x00007fff910ba000 	C:\WINDOWS\System32\SHELL32.dll
0x00007fff8d310000 - 0x00007fff8dc06000 	C:\WINDOWS\SYSTEM32\windows.storage.dll
0x00007fff8d1d0000 - 0x00007fff8d30e000 	C:\WINDOWS\SYSTEM32\wintypes.dll
0x00007fff8fe20000 - 0x00007fff8ff13000 	C:\WINDOWS\System32\SHCORE.dll
0x00007fff91b30000 - 0x00007fff91b8e000 	C:\WINDOWS\System32\shlwapi.dll
0x00007fff8f370000 - 0x00007fff8f396000 	C:\WINDOWS\SYSTEM32\profapi.dll
0x00007fff7e2d0000 - 0x00007fff7e2e3000 	C:\Program Files\Java\jdk-20\bin\net.dll
0x00007fff88260000 - 0x00007fff88397000 	C:\WINDOWS\SYSTEM32\WINHTTP.dll
0x00007fff8e8c0000 - 0x00007fff8e929000 	C:\WINDOWS\system32\mswsock.dll
0x00007fff7e140000 - 0x00007fff7e156000 	C:\Program Files\Java\jdk-20\bin\nio.dll
0x00007fff7cf40000 - 0x00007fff7cf58000 	C:\Program Files\Java\jdk-20\bin\zip.dll
0x00007fff4a800000 - 0x00007fff4a991000 	C:\Program Files\Java\jdk-20\bin\awt.dll
0x00007fff8c410000 - 0x00007fff8c4a7000 	C:\WINDOWS\SYSTEM32\apphelp.dll
0x00007fff8c830000 - 0x00007fff8c85b000 	C:\WINDOWS\system32\DWMAPI.DLL
0x00007fff8c5d0000 - 0x00007fff8c67b000 	C:\WINDOWS\system32\uxtheme.dll
0x00007fff46530000 - 0x00007fff46630000 	C:\WINDOWS\system32\opengl32.dll
0x00007fff46500000 - 0x00007fff4652d000 	C:\WINDOWS\SYSTEM32\GLU32.dll
0x00007fff8c6e0000 - 0x00007fff8c716000 	C:\WINDOWS\SYSTEM32\dxcore.dll
0x00007fff915b0000 - 0x00007fff91700000 	C:\WINDOWS\System32\MSCTF.dll
0x00007fff91990000 - 0x00007fff91b30000 	C:\WINDOWS\System32\ole32.dll
0x00007fff53cc0000 - 0x00007fff53e69000 	C:\WINDOWS\system32\d3d9.dll
0x00007fff85500000 - 0x00007fff856db000 	C:\WINDOWS\System32\DriverStore\FileRepository\u0368330.inf_amd64_2a773f4c46cdd019\B367597\aticfx64.dll
0x00007fff7cf70000 - 0x00007fff7cfa3000 	C:\WINDOWS\System32\DriverStore\FileRepository\u0368330.inf_amd64_2a773f4c46cdd019\B367597\atiu9p64.dll
0x00007fff34f90000 - 0x00007fff35cea000 	C:\WINDOWS\System32\DriverStore\FileRepository\u0368330.inf_amd64_2a773f4c46cdd019\B367597\atiumd64.dll
0x000000005ec90000 - 0x000000005fb5b000 	C:\WINDOWS\System32\DriverStore\FileRepository\u0368330.inf_amd64_2a773f4c46cdd019\B367597\atiumd6a.dll
0x00007fff8f310000 - 0x00007fff8f35d000 	C:\WINDOWS\SYSTEM32\POWRPROF.dll
0x00007fff8f140000 - 0x00007fff8f153000 	C:\WINDOWS\SYSTEM32\UMPDC.dll
0x00007fff859c0000 - 0x00007fff859f0000 	C:\WINDOWS\SYSTEM32\amdihk64.dll
0x00007fff88cc0000 - 0x00007fff88d0a000 	C:\WINDOWS\SYSTEM32\directxdatabasehelper.dll
0x00007fff67e70000 - 0x00007fff67ef6000 	C:\Program Files\Java\jdk-20\bin\freetype.dll
0x00007fff4daf0000 - 0x00007fff4dbc3000 	C:\Program Files\Java\jdk-20\bin\fontmanager.dll
0x00007fff910c0000 - 0x00007fff91170000 	C:\WINDOWS\System32\clbcatq.dll
0x00007fff8ae40000 - 0x00007fff8aff0000 	C:\WINDOWS\SYSTEM32\WindowsCodecs.dll
0x00007fff72a90000 - 0x00007fff72aee000 	C:\WINDOWS\system32\dataexchange.dll
0x00007fff867c0000 - 0x00007fff86a45000 	C:\WINDOWS\system32\twinapi.appcore.dll
0x00007fff7f200000 - 0x00007fff7f34a000 	C:\WINDOWS\SYSTEM32\textinputframework.dll

dbghelp: loaded successfully - version: 4.0.5 - missing functions: none
symbol engine: initialized successfully - sym options: 0x614 - pdb path: .;C:\Program Files\Java\jdk-20\bin;C:\WINDOWS\SYSTEM32;C:\WINDOWS\WinSxS\amd64_microsoft.windows.common-controls_6595b64144ccf1df_6.0.22621.2506_none_270c5ae97388e100;C:\Program Files\Java\jdk-20\bin\server;C:\WINDOWS\System32\DriverStore\FileRepository\u0368330.inf_amd64_2a773f4c46cdd019\B367597

VM Arguments:
jvm_args: -Dfile.encoding=UTF-8 --module-path=C:\Users\acer\Desktop\Java Project\University Management System\build\classes 
java_command: university.management.system.AddStudent
java_class_path (initial): C:\Users\acer\Desktop\mysql-connector-java-8.0.28.jar;C:\Users\acer\Desktop\jcalendar-tz-1.3.3-4.jar;C:\Users\acer\Desktop\Java Project\University Management System\build\classes
Launcher Type: SUN_STANDARD

[Global flags]
     intx CICompilerCount                          = 3                                         {product} {ergonomic}
     uint ConcGCThreads                            = 2                                         {product} {ergonomic}
     uint G1ConcRefinementThreads                  = 6                                         {product} {ergonomic}
   size_t G1HeapRegionSize                         = 1048576                                   {product} {ergonomic}
    uintx GCDrainStackTargetSize                   = 64                                        {product} {ergonomic}
   size_t InitialHeapSize                          = 123731968                                 {product} {ergonomic}
   size_t MarkStackSize                            = 4194304                                   {product} {ergonomic}
   size_t MaxHeapSize                              = 1979711488                                {product} {ergonomic}
   size_t MaxNewSize                               = 1186988032                                {product} {ergonomic}
   size_t MinHeapDeltaBytes                        = 1048576                                   {product} {ergonomic}
   size_t MinHeapSize                              = 8388608                                   {product} {ergonomic}
    uintx NonNMethodCodeHeapSize                   = 5832780                                {pd product} {ergonomic}
    uintx NonProfiledCodeHeapSize                  = 122912730                              {pd product} {ergonomic}
    uintx ProfiledCodeHeapSize                     = 122912730                              {pd product} {ergonomic}
    uintx ReservedCodeCacheSize                    = 251658240                              {pd product} {ergonomic}
     bool SegmentedCodeCache                       = true                                      {product} {ergonomic}
   size_t SoftMaxHeapSize                          = 1979711488                             {manageable} {ergonomic}
     bool UseCompressedClassPointers               = true                           {product lp64_product} {ergonomic}
     bool UseCompressedOops                        = true                           {product lp64_product} {ergonomic}
     bool UseG1GC                                  = true                                      {product} {ergonomic}
     bool UseLargePagesIndividualAllocation        = false                                  {pd product} {ergonomic}

Logging:
Log output configuration:
 #0: stdout all=warning uptime,level,tags foldmultilines=false
 #1: stderr all=off uptime,level,tags foldmultilines=false

Environment Variables:
JAVA_HOME=c:\Java
PATH=C:\Program Files\Common Files\Oracle\Java\javapath;C:\Program Files (x86)\Common Files\Oracle\Java\javapath;C:\WINDOWS\system32;C:\WINDOWS;C:\WINDOWS\System32\Wbem;C:\WINDOWS\System32\WindowsPowerShell\v1.0\;C:\WINDOWS\System32\OpenSSH\;C:\Program Files\MySQL\MySQL Server 8.0\bin;C:\Program Files\nodejs\;C:\Program Files\MATLAB\MATLAB Runtime\v912\runtime\win64;C:\Program Files (x86)\dotnet\;C:\Program Files\MongoDB\Server\4.4\bin;C:\Program Files\Git\cmd;C:\Program Files\Git\bin;C:\Program Files\heroku\bin;C:\Users\acer\anaconda3\Library\bin;C:\Program Files\PuTTY\;c:\Java\bin\;C:\Program Files\Graphviz\bin;'C:\Users\acer\AppData\Local\Packages\PythonSoftwareFoundation.Python.3.11_qbz5n2kfra8p0\LocalCache\local-packages\Python311\Scripts;C:\Program Files\PowerShell\7\;C:\Program Files\Python311\Scripts;C:\Users\acer\AppData\Local\Microsoft\WindowsApps;C:\Users\acer\AppData\Local\Programs\Microsoft VS Code\bin;C:\Program Files\Java\jdk-17.0.1\lib\mysql-connector.jar;C:\Users\acer\AppData\Roaming\npm;C:\mingw64\bin;C:\Users\acer\AppData\Local\atom\bin;C:\Program Files\heroku\bin;C:\Program Files\JetBrains\PyCharm Community Edition 2022.3\bin;;C:\apache-cassandra-3.0.28\bin;C:\hbase-3.0.0-alpha-3\bin;C:\Program Files\jdk-19.0.2\bin;C:\Program Files\Java\jdk-17.0.6\bin;C:\Users\acer\AppData\Roaming\Python\Python311\Scripts;C:\Program Files\JetBrains\IntelliJ IDEA 2023.1.4\bin;;C:\Program Files (x86)\Inno Setup 6;
USERNAME=acer
OS=Windows_NT
PROCESSOR_IDENTIFIER=AMD64 Family 23 Model 96 Stepping 1, AuthenticAMD
TMP=C:\Users\acer\AppData\Local\Temp
TEMP=C:\Users\acer\AppData\Local\Temp




---------------  S Y S T E M  ---------------

OS:
 Windows 11 , 64 bit Build 22621 (10.0.22621.2506)
OS uptime: 2 days 6:13 hours
Hyper-V role detected

CPU: total 6 (initial active 6) (6 cores per cpu, 1 threads per core) family 23 model 96 stepping 1 microcode 0x0, cx8, cmov, fxsr, mmx, 3dnowpref, sse, sse2, sse3, ssse3, sse4a, sse4.1, sse4.2, popcnt, lzcnt, tsc, tscinvbit, avx, avx2, aes, clmul, bmi1, bmi2, adx, sha, fma, vzeroupper, clflush, clflushopt, hv, rdtscp, rdpid, f16c

Memory: 4k page, system-wide physical 7549M (476M free)
TotalPageFile size 16616M (AvailPageFile size 14M)
current process WorkingSet (physical memory assigned to process): 84M, peak: 84M
current process commit charge ("private bytes"): 224M, peak: 224M

vm_info: Java HotSpot(TM) 64-Bit Server VM (20.0.2+9-78) for windows-amd64 JRE (20.0.2+9-78), built on 2023-06-14T10:08:48Z by "mach5one" with MS VC++ 17.1 (VS2022)

END.
